2016-06-22 11:45:18:  start to sync now
2016-06-22 11:45:18:  sync ended
2016-06-22 12:43:54:  start to sync now
2016-06-22 12:43:54:  sync ended
2016-06-22 12:43:58:  start to sync now
2016-06-22 12:43:59:  sync ended
2016-06-22 12:44:21:  start to sync now
2016-06-22 12:44:24: /Users/xbli/Documents/Blog/生活/西安印象.md uploaded to server done
2016-06-22 12:44:25:  sync ended
2016-06-22 12:44:28:  start to sync now
2016-06-22 12:44:29: /Users/xbli/Documents/Blog/生活/西安印象.md uploaded to server done
2016-06-22 12:44:29:  sync ended
2016-06-22 12:45:35:  start to sync now
2016-06-22 12:45:38: /Users/xbli/Documents/Blog/生活/西安印象.md uploaded to server done
2016-06-22 12:45:38: /Users/xbli/Documents/Blog/生活/_image/thumb_IMG_3492_1024.jpg deleted on server
2016-06-22 12:45:38:  sync ended
2016-06-22 12:46:06:  start to sync now
2016-06-22 12:46:07: /Users/xbli/Documents/Blog/生活/西安印象.md uploaded to server done
2016-06-22 12:46:07:  sync ended
2016-06-22 12:51:06:  start to sync now
2016-06-22 12:51:10: /Users/xbli/Documents/Blog/site.txt uploaded to server done
2016-06-22 12:51:11: /Users/xbli/Documents/Blog/baidu_verify_d6l0IvmUEa.html deleted on server
2016-06-22 12:51:11:  sync ended
2016-06-22 13:30:55:  start to sync now
2016-06-22 13:30:58: /Users/xbli/Documents/Blog/site.txt uploaded to server done
2016-06-22 13:30:58:  sync ended
2016-06-22 13:33:59:  start to sync now
2016-06-22 13:34:03: /Users/xbli/Documents/Blog/site.txt uploaded to server done
2016-06-22 13:34:03:  sync ended
2016-06-22 13:35:10:  start to sync now
2016-06-22 13:35:18: /Users/xbli/Documents/Blog/site.txt uploaded to server done
2016-06-22 13:35:18:  sync ended
2016-06-22 13:36:34:  start to sync now
2016-06-22 13:36:37: /Users/xbli/Documents/Blog/site.txt uploaded to server done
2016-06-22 13:36:37:  sync ended
2016-06-22 13:37:26:  start to sync now
2016-06-22 13:37:29: /Users/xbli/Documents/Blog/site.txt uploaded to server done
2016-06-22 13:37:29:  sync ended
2016-06-22 13:38:31:  start to sync now
2016-06-22 13:38:35: /Users/xbli/Documents/Blog/site.txt uploaded to server done
2016-06-22 13:38:35:  sync ended
2016-06-22 13:40:09:  start to sync now
2016-06-22 13:40:13: /Users/xbli/Documents/Blog/site.txt uploaded to server done
2016-06-22 13:40:13:  sync ended
2016-06-22 13:40:36:  start to sync now
2016-06-22 13:40:37: /Users/xbli/Documents/Blog/site.txt uploaded to server done
2016-06-22 13:40:38:  sync ended
2016-06-22 13:41:16:  start to sync now
2016-06-22 13:41:19: /Users/xbli/Documents/Blog/site.txt uploaded to server done
2016-06-22 13:41:20:  sync ended
2016-06-22 13:41:41:  start to sync now
2016-06-22 13:41:43: /Users/xbli/Documents/Blog/site.txt uploaded to server done
2016-06-22 13:41:43:  sync ended
2016-06-22 13:42:39:  start to sync now
2016-06-22 13:42:43: /Users/xbli/Documents/Blog/site.txt uploaded to server done
2016-06-22 13:42:43:  sync ended
2016-06-22 13:46:16:  start to sync now
2016-06-22 13:46:24: /Users/xbli/Documents/Blog/template/css/screen.css uploaded to server done
2016-06-22 13:46:24:  sync ended
2016-06-22 13:47:55:  start to sync now
2016-06-22 13:48:01: /Users/xbli/Documents/Blog/template/font/fontawesome-webfont.woff uploaded to server done
2016-06-22 13:48:02:  sync ended
2016-06-22 14:53:20:  start to sync now
2016-06-22 14:53:23: /Users/xbli/Documents/Blog/生活/西安印象.md uploaded to server done
2016-06-22 14:53:23:  sync ended
2016-07-10 15:35:08:  start to sync now
2016-07-10 15:35:23: /Users/xbli/Documents/Blog/创业/2016-01-24-product-team-organization.txt uploaded to server done
2016-07-10 15:35:29: /Users/xbli/Documents/Blog/创业/2016-01-29.txt deleted on server
2016-07-10 15:35:29:  sync ended
2016-07-10 18:12:47:  start to sync now
2016-07-10 18:13:04: /Users/xbli/Documents/Blog/读书/flipped-classroom.md uploaded to server done
2016-07-10 18:13:11: /Users/xbli/Documents/Blog/创业/meet-terry-zhu.md deleted on server
2016-07-10 18:13:11:  sync ended
2016-07-10 18:14:50:  start to sync now
2016-07-10 18:15:00: /Users/xbli/Documents/Blog/读书/flipped-classroom.md uploaded to server done
2016-07-10 18:15:01:  sync ended
2016-08-09 11:05:42:  start to sync now
2016-08-09 11:05:48:  sync ended
2016-09-09 12:50:29:  start to sync now
2016-09-09 12:50:40: /Users/xbli/Documents/Blog/成长/2016-08-20-习惯.md uploaded to server done
2016-09-09 12:50:42: /Users/xbli/Documents/Blog/成长/2016-09-09-如何系统性提升面试能力.md uploaded to server done
2016-09-09 12:50:46: /Users/xbli/Documents/Blog/成长/_image/2016-09-09-11-14-55.jpg uploaded to server done
2016-09-09 12:50:49: /Users/xbli/Documents/Blog/成长/_image/2016-09-09-11-31-35.jpg uploaded to server done
2016-09-09 12:50:50: /Users/xbli/Documents/Blog/成长/_image/2016-09-09-11-46-49.jpg uploaded to server done
2016-09-09 12:50:53: /Users/xbli/Documents/Blog/成长/_image/2016-09-09-11-51-29.jpg uploaded to server done
2016-09-09 12:50:56: /Users/xbli/Documents/Blog/成长/_image/2016-09-09-12-09-27.jpg uploaded to server done
2016-09-09 12:50:58: /Users/xbli/Documents/Blog/成长/_image/2016-09-09-12-14-52.jpg uploaded to server done
2016-09-09 12:51:01: /Users/xbli/Documents/Blog/成长/_image/2016-09-09-12-17-58.jpg uploaded to server done
2016-09-09 12:51:06: /Users/xbli/Documents/Blog/成长/_image/2016-09-09-12-40-06.jpg uploaded to server done
2016-09-09 12:51:08: /Users/xbli/Documents/Blog/成长/_image/2016-09-09-12-43-23.jpg uploaded to server done
2016-09-09 12:51:11: /Users/xbli/Documents/Blog/成长/_image/2016-09-09-12-48-02.png uploaded to server done
2016-09-09 12:51:13: /Users/xbli/Documents/Blog/编程/2016-08-09-程序员一定要打字很快吗？.md uploaded to server done
2016-09-09 12:51:13:  sync ended
2016-09-09 12:52:27:  start to sync now
2016-09-09 12:52:32: /Users/xbli/Documents/Blog/成长/2016-09-09-如何系统性提升面试能力.md uploaded to server done
2016-09-09 12:52:32:  sync ended
2016-09-09 13:03:48:  start to sync now
2016-09-09 13:03:53: /Users/xbli/Documents/Blog/成长/2016-09-09-如何系统性提升面试能力.md uploaded to server done
2016-09-09 13:03:55: /Users/xbli/Documents/Blog/成长/_image/2016-09-09-12-59-52.jpg uploaded to server done
2016-09-09 13:03:55:  sync ended
2016-09-10 13:06:59:  start to sync now
2016-09-10 13:07:12: /Users/xbli/Documents/Blog/成长/2016-08-20-习惯.md uploaded to server done
2016-09-10 13:07:24: /Users/xbli/Documents/Blog/成长/2016-09-09-简历和面试技巧.md uploaded to server done
2016-09-10 13:07:35: /Users/xbli/Documents/Blog/成长/2016-09-10-如何通过刻意练习成为面霸.md uploaded to server done
2016-09-10 13:07:47: /Users/xbli/Documents/Blog/成长/_image/2016-09-10-12-26-50.jpg uploaded to server done
2016-09-10 13:07:53: /Users/xbli/Documents/Blog/成长/2016-09-09-如何系统性提升面试能力.md deleted on server
2016-09-10 13:07:53:  sync ended
2016-09-10 13:18:07:  start to sync now
2016-09-10 13:18:16: /Users/xbli/Documents/Blog/成长/2016-09-09-简历和面试技巧.md uploaded to server done
2016-09-10 13:18:28: /Users/xbli/Documents/Blog/成长/2016-09-10-如何通过刻意练习成为面霸.md uploaded to server done
2016-09-10 13:18:28:  sync ended
2016-09-10 14:57:55:  start to sync now
2016-09-10 14:58:07: /Users/xbli/Documents/Blog/成长/2016-09-09-简历和面试技巧.md uploaded to server done
2016-09-10 14:58:08:  sync ended
2016-09-10 15:04:08:  start to sync now
2016-09-10 15:04:18: /Users/xbli/Documents/Blog/成长/2016-09-09-简历和面试技巧.md uploaded to server done
2016-09-10 15:04:18:  sync ended
2016-09-11 08:10:21:  start to sync now
2016-09-11 08:10:33: /Users/xbli/Documents/Blog/成长/2016-08-20-习惯.md uploaded to server done
2016-09-11 08:10:44: /Users/xbli/Documents/Blog/成长/2016-09-09-简历和面试技巧.md uploaded to server done
2016-09-11 08:10:45:  sync ended
2016-09-11 11:17:41:  start to sync now
2016-09-11 11:17:51: /Users/xbli/Documents/Blog/成长/2016-08-20-习惯.md uploaded to server done
2016-09-11 11:18:02: /Users/xbli/Documents/Blog/成长/2016-09-09-简历和面试技巧.md uploaded to server done
2016-09-11 11:18:13: /Users/xbli/Documents/Blog/成长/2016-09-10-如何通过刻意练习成为面霸.md uploaded to server done
2016-09-11 11:18:24: /Users/xbli/Documents/Blog/成长/2016-09-11-「2016暑期特训营」回顾.md uploaded to server done
2016-09-11 11:18:36: /Users/xbli/Documents/Blog/成长/_image/2016-09-11-09-33-25.jpg uploaded to server done
2016-09-11 11:18:36:  sync ended
2016-11-26 16:53:12:  start to sync now
2016-11-26 16:53:25: /Users/xbli/Documents/Blog/成长/2016-08-20-习惯.md uploaded to server done
2016-11-26 16:53:38: /Users/xbli/Documents/Blog/成长/2016-09-12-利用「教学套路」更好地自学.md uploaded to server done
2016-11-26 16:53:50: /Users/xbli/Documents/Blog/编程/开不好站会？因为不同阶段站会的目的不一样.md uploaded to server done
2016-11-26 16:54:05: /Users/xbli/Documents/Blog/编程/_image/2016-11-24-14-35-39.jpg uploaded to server done
2016-11-26 16:54:18: /Users/xbli/Documents/Blog/编程/_image/2016-11-24-15-54-53.jpg uploaded to server done
2016-11-26 16:54:32: /Users/xbli/Documents/Blog/编程/_image/2016-11-24-15-55-36.jpg uploaded to server done
2016-11-26 16:54:45: /Users/xbli/Documents/Blog/编程/_image/2016-11-24-15-56-20.jpg uploaded to server done
2016-11-26 16:54:45:  sync ended
2016-11-26 16:55:31:  start to sync now
2016-11-26 16:55:43: /Users/xbli/Documents/Blog/编程/开不好站会？因为不同阶段站会的目的不一样.md uploaded to server done
2016-11-26 16:55:44:  sync ended
2016-11-26 17:21:48:  start to sync now
2016-11-26 17:22:01: /Users/xbli/Documents/Blog/编程/开不好站会？因为不同阶段站会的目的不一样.md uploaded to server done
2016-11-26 17:22:01:  sync ended
2016-11-30 11:39:09:  start to sync now
2016-11-30 11:39:27: /Users/xbli/Documents/Blog/site.txt uploaded to server done
2016-11-30 11:39:27:  sync ended
2016-11-30 11:47:55:  start to sync now
2016-11-30 11:48:04: /Users/xbli/Documents/Blog/site.txt uploaded to server done
2016-11-30 11:48:04:  sync ended
2016-11-30 11:53:45:  start to sync now
2016-11-30 11:53:54: /Users/xbli/Documents/Blog/site.txt uploaded to server done
2016-11-30 11:53:54:  sync ended
2017-02-15 15:30:11:  start to sync now
2017-02-15 15:30:19: /Users/xbli/Documents/Blog/wechat_template update folder to server
2017-02-15 15:30:19: /Users/xbli/Documents/Blog/培养者 update folder to server
2017-02-15 15:30:20: /Users/xbli/Documents/Blog/wechat_template/footer.md uploaded to server done
2017-02-15 15:30:21: /Users/xbli/Documents/Blog/wechat_template/_image update folder to server
2017-02-15 15:30:24: /Users/xbli/Documents/Blog/wechat_template/_image/qrcode_for_gh_c396100fdc8b_860.jpg uploaded to server done
2017-02-15 15:30:25: /Users/xbli/Documents/Blog/培养者/关于我.md uploaded to server done
2017-02-15 15:30:26: /Users/xbli/Documents/Blog/培养者/即兴表达和幽默的秘诀.md uploaded to server done
2017-02-15 15:30:28: /Users/xbli/Documents/Blog/培养者/怎么讲故事.md uploaded to server done
2017-02-15 15:30:29: /Users/xbli/Documents/Blog/培养者/记一次教练对话练习.md uploaded to server done
2017-02-15 15:30:30: /Users/xbli/Documents/Blog/培养者/_image update folder to server
2017-02-15 15:30:32: /Users/xbli/Documents/Blog/培养者/_image/2017-02-14-08-36-34.jpg uploaded to server done
2017-02-15 15:30:36: /Users/xbli/Documents/Blog/培养者/_image/2017-02-15-14-01-23.jpg uploaded to server done
2017-02-15 15:30:38: /Users/xbli/Documents/Blog/培养者/_image/avatar.jpg uploaded to server done
2017-02-15 15:30:39: /Users/xbli/Documents/Blog/编程/2016-08-09-程序员一定要打字很快吗？.md uploaded to server done
2017-02-15 15:30:40: /Users/xbli/Documents/Blog/编程/2017-01-18-functional-programming-principles-in-scala-notes-week-1.md uploaded to server done
2017-02-15 15:30:40:  sync ended
2017-02-15 15:32:06:  start to sync now
2017-02-15 15:32:07: /Users/xbli/Documents/Blog/培养者/关于我.md uploaded to server done
2017-02-15 15:32:08: /Users/xbli/Documents/Blog/培养者/即兴表达和幽默的秘诀.md uploaded to server done
2017-02-15 15:32:09: /Users/xbli/Documents/Blog/培养者/怎么讲故事.md uploaded to server done
2017-02-15 15:32:09:  sync ended
2017-02-15 15:33:26:  start to sync now
2017-02-15 15:33:28: /Users/xbli/Documents/Blog/培养者/关于我.md uploaded to server done
2017-02-15 15:33:29: /Users/xbli/Documents/Blog/培养者/即兴表达和幽默的秘诀.md uploaded to server done
2017-02-15 15:33:30: /Users/xbli/Documents/Blog/培养者/怎么讲故事.md uploaded to server done
2017-02-15 15:33:30:  sync ended
2017-02-15 15:35:39:  start to sync now
2017-02-15 15:35:40: /Users/xbli/Documents/Blog/template/wechat_template update folder to server
2017-02-15 15:35:41: /Users/xbli/Documents/Blog/template/wechat_template/footer.md uploaded to server done
2017-02-15 15:35:42: /Users/xbli/Documents/Blog/template/wechat_template/_image update folder to server
2017-02-15 15:35:45: /Users/xbli/Documents/Blog/template/wechat_template/_image/qrcode_for_gh_c396100fdc8b_860.jpg uploaded to server done
2017-02-15 15:35:45: /Users/xbli/Documents/Blog/wechat_template deleted on server
2017-02-15 15:35:46: /Users/xbli/Documents/Blog/wechat_template/_image/qrcode_for_gh_c396100fdc8b_860.jpg deleted on server
2017-02-15 15:35:46: /Users/xbli/Documents/Blog/wechat_template/footer.md deleted on server
2017-02-15 15:35:47: /Users/xbli/Documents/Blog/wechat_template/_image deleted on server
2017-02-15 15:35:47:  sync ended
2017-02-15 15:37:20:  start to sync now
2017-02-15 15:37:21: /Users/xbli/Documents/Blog/培养者/记一次教练对话练习.md uploaded to server done
2017-02-15 15:37:21:  sync ended
2017-02-15 15:42:25:  start to sync now
2017-02-15 15:42:29: /Users/xbli/Documents/Blog/培养者/记一次教练对话练习.md uploaded to server done
2017-02-15 15:42:29:  sync ended
2017-02-15 15:45:46:  start to sync now
2017-02-15 15:45:47: /Users/xbli/Documents/Blog/培养者/「给建议」和「提问题」的区别，记一次教练对话练习.md uploaded to server done
2017-02-15 15:45:48: /Users/xbli/Documents/Blog/培养者/记一次教练对话练习.md deleted on server
2017-02-15 15:45:48:  sync ended
2017-02-16 09:30:21:  start to sync now
2017-02-16 09:30:24: /Users/xbli/Documents/Blog/培养者/三分钟学会一个套路，你也能讲出精彩的故事.md uploaded to server done
2017-02-16 09:30:25: /Users/xbli/Documents/Blog/培养者/即兴表演练习.md uploaded to server done
2017-02-16 09:30:27: /Users/xbli/Documents/Blog/培养者/幽默是智慧溢出，逗逼是情商欠费.md uploaded to server done
2017-02-16 09:30:29: /Users/xbli/Documents/Blog/培养者/_image/2017-02-16-07-57-02.jpg uploaded to server done
2017-02-16 09:30:30: /Users/xbli/Documents/Blog/培养者/怎么讲故事.md deleted on server
2017-02-16 09:30:31: /Users/xbli/Documents/Blog/培养者/即兴表达和幽默的秘诀.md deleted on server
2017-02-16 09:30:31:  sync ended
2017-02-17 16:02:23:  start to sync now
2017-02-17 16:02:27: /Users/xbli/Documents/Blog/培养者/离开了老师，我是这样高效学习的.md uploaded to server done
2017-02-17 16:02:31: /Users/xbli/Documents/Blog/培养者/_image/2017-02-17-07-47-22.jpg uploaded to server done
2017-02-17 16:02:35: /Users/xbli/Documents/Blog/培养者/_image/2017-02-17-07-52-38.jpg uploaded to server done
2017-02-17 16:02:41: /Users/xbli/Documents/Blog/培养者/_image/2017-02-17-08-00-21.jpg uploaded to server done
2017-02-17 16:02:44: /Users/xbli/Documents/Blog/培养者/_image/2017-02-17-08-07-19.jpg uploaded to server done
2017-02-17 16:02:48: /Users/xbli/Documents/Blog/培养者/_image/2017-02-17-08-08-58.jpg uploaded to server done
2017-02-17 16:02:49:  sync ended
2017-02-17 16:15:50:  start to sync now
2017-02-17 16:15:56: /Users/xbli/Documents/Blog/isaid.md uploaded to server done
2017-02-17 16:15:56:  sync ended
2017-03-05 08:08:43:  start to sync now
2017-03-05 08:08:51: /Users/xbli/Documents/Blog/培养者/0-关于我.md uploaded to server done
2017-03-05 08:08:52: /Users/xbli/Documents/Blog/培养者/2017-02-20-软件概念解释.md uploaded to server done
2017-03-05 08:08:54: /Users/xbli/Documents/Blog/培养者/「给建议」和「提问题」的区别，记一次教练对话练习.md uploaded to server done
2017-03-05 08:08:55: /Users/xbli/Documents/Blog/培养者/你不是意志力差，只是不懂习惯的力量.md uploaded to server done
2017-03-05 08:08:57: /Users/xbli/Documents/Blog/培养者/做了这几件事，我不再感到焦虑了.md uploaded to server done
2017-03-05 08:08:58: /Users/xbli/Documents/Blog/培养者/培养习惯，我的三条心得.md uploaded to server done
2017-03-05 08:08:59: /Users/xbli/Documents/Blog/培养者/复盘，三倍成长速度.md uploaded to server done
2017-03-05 08:09:00: /Users/xbli/Documents/Blog/培养者/如何改变习惯.md uploaded to server done
2017-03-05 08:09:01: /Users/xbli/Documents/Blog/培养者/如何理解「教练是一面镜子」.md uploaded to server done
2017-03-05 08:09:02: /Users/xbli/Documents/Blog/培养者/如何组织程序员集体学习活动 Code Retreat（一）.md uploaded to server done
2017-03-05 08:09:04: /Users/xbli/Documents/Blog/培养者/如何组织程序员集体学习活动 Code Retreat（二）.md uploaded to server done
2017-03-05 08:09:05: /Users/xbli/Documents/Blog/培养者/定错了目标.md uploaded to server done
2017-03-05 08:09:06: /Users/xbli/Documents/Blog/培养者/怎么听，对方才肯说？- 积极聆听技术简介.md uploaded to server done
2017-03-05 08:09:07: /Users/xbli/Documents/Blog/培养者/我的时间管理观念和技巧.md uploaded to server done
2017-03-05 08:09:08: /Users/xbli/Documents/Blog/培养者/我的晨间日记.md uploaded to server done
2017-03-05 08:09:09: /Users/xbli/Documents/Blog/培养者/新人如何快速融入团队.md uploaded to server done
2017-03-05 08:09:11: /Users/xbli/Documents/Blog/培养者/是时候停止找捷径了，开始练习吧.md uploaded to server done
2017-03-05 08:09:12: /Users/xbli/Documents/Blog/培养者/续 - 如何理解「教练是一面镜子」.md uploaded to server done
2017-03-05 08:09:13: /Users/xbli/Documents/Blog/培养者/这两本书改变了我的职业生涯，推荐给你.md uploaded to server done
2017-03-05 08:09:17: /Users/xbli/Documents/Blog/培养者/_image/2017-02-18-21-03-03.jpg uploaded to server done
2017-03-05 08:09:21: /Users/xbli/Documents/Blog/培养者/_image/2017-02-18-22-18-09.jpg uploaded to server done
2017-03-05 08:09:25: /Users/xbli/Documents/Blog/培养者/_image/2017-02-21-09-42-50.jpg uploaded to server done
2017-03-05 08:09:29: /Users/xbli/Documents/Blog/培养者/_image/2017-02-23-07-25-12.jpg uploaded to server done
2017-03-05 08:09:38: /Users/xbli/Documents/Blog/培养者/_image/2017-02-23-07-59-55.jpg uploaded to server done
2017-03-05 08:09:42: /Users/xbli/Documents/Blog/培养者/_image/2017-02-23-08-38-11.jpg uploaded to server done
2017-03-05 08:09:46: /Users/xbli/Documents/Blog/培养者/_image/2017-02-24-06-49-34.jpg uploaded to server done
2017-03-05 08:09:54: /Users/xbli/Documents/Blog/培养者/_image/2017-02-24-07-55-59.jpg uploaded to server done
2017-03-05 08:09:58: /Users/xbli/Documents/Blog/培养者/_image/2017-02-25-07-21-05.jpg uploaded to server done
2017-03-05 08:10:01: /Users/xbli/Documents/Blog/培养者/_image/2017-02-25-07-23-51.jpg uploaded to server done
2017-03-05 08:10:05: /Users/xbli/Documents/Blog/培养者/_image/2017-02-25-07-40-21.jpg uploaded to server done
2017-03-05 08:10:10: /Users/xbli/Documents/Blog/培养者/_image/2017-02-25-07-41-59.jpg uploaded to server done
2017-03-05 08:10:13: /Users/xbli/Documents/Blog/培养者/_image/2017-02-26-23-17-40.jpg uploaded to server done
2017-03-05 08:10:17: /Users/xbli/Documents/Blog/培养者/_image/2017-02-27-21-22-03.jpg uploaded to server done
2017-03-05 08:10:24: /Users/xbli/Documents/Blog/培养者/_image/2017-02-27-21-25-52.jpg uploaded to server done
2017-03-05 08:10:27: /Users/xbli/Documents/Blog/培养者/_image/2017-02-27-21-28-51.jpg uploaded to server done
2017-03-05 08:10:32: /Users/xbli/Documents/Blog/培养者/_image/2017-02-27-21-36-57.jpg uploaded to server done
2017-03-05 08:10:37: /Users/xbli/Documents/Blog/培养者/_image/2017-02-27-21-45-51.jpg uploaded to server done
2017-03-05 08:10:43: /Users/xbli/Documents/Blog/培养者/_image/2017-02-27-22-08-32.jpg uploaded to server done
2017-03-05 08:10:47: /Users/xbli/Documents/Blog/培养者/_image/2017-03-01-08-40-37.jpg uploaded to server done
2017-03-05 08:10:49: /Users/xbli/Documents/Blog/培养者/_image/2017-03-01-08-44-27.jpg uploaded to server done
2017-03-05 08:10:52: /Users/xbli/Documents/Blog/培养者/_image/2017-03-01-08-45-34.jpg uploaded to server done
2017-03-05 08:10:55: /Users/xbli/Documents/Blog/培养者/_image/2017-03-02-07-52-15.jpg uploaded to server done
2017-03-05 08:11:01: /Users/xbli/Documents/Blog/培养者/_image/2017-03-02-08-12-25.jpg uploaded to server done
2017-03-05 08:11:06: /Users/xbli/Documents/Blog/培养者/_image/2017-03-02-08-15-54.jpg uploaded to server done
2017-03-05 08:11:08: /Users/xbli/Documents/Blog/培养者/_image/2017-03-02-08-16-41.jpg uploaded to server done
2017-03-05 08:11:12: /Users/xbli/Documents/Blog/培养者/_image/2017-03-02-08-17-18.jpg uploaded to server done
2017-03-05 08:11:16: /Users/xbli/Documents/Blog/培养者/_image/2017-03-02-08-24-20.jpg uploaded to server done
2017-03-05 08:11:21: /Users/xbli/Documents/Blog/培养者/_image/2017-03-02-08-25-50.jpg uploaded to server done
2017-03-05 08:11:26: /Users/xbli/Documents/Blog/培养者/_image/2017-03-02-08-27-56.jpg uploaded to server done
2017-03-05 08:11:29: /Users/xbli/Documents/Blog/培养者/_image/2017-03-03-11-13-17.jpg uploaded to server done
2017-03-05 08:11:33: /Users/xbli/Documents/Blog/培养者/_image/2017-03-03-11-15-22.jpg uploaded to server done
2017-03-05 08:11:38: /Users/xbli/Documents/Blog/培养者/_image/2017-03-03-11-17-29.jpg uploaded to server done
2017-03-05 08:11:42: /Users/xbli/Documents/Blog/培养者/_image/2017-03-03-11-24-05.jpg uploaded to server done
2017-03-05 08:11:47: /Users/xbli/Documents/Blog/培养者/_image/2017-03-03-18-51-25.jpg uploaded to server done
2017-03-05 08:11:53: /Users/xbli/Documents/Blog/培养者/_image/Scannable Document on 18 Feb 2017- 10_08_25 PM.png uploaded to server done
2017-03-05 08:11:57: /Users/xbli/Documents/Blog/培养者/_image/Scannable Document on 22 Feb 2017- 9_47_48 AM.png uploaded to server done
2017-03-05 08:11:59: /Users/xbli/Documents/Blog/编程/2017-02-18-Code-Retreat-引导者怎么做.md uploaded to server done
2017-03-05 08:12:00: /Users/xbli/Documents/Blog/成长/2016-09-11-「2016暑期特训营」回顾.md deleted on server
2017-03-05 08:12:01: /Users/xbli/Documents/Blog/培养者/三分钟学会一个套路，你也能讲出精彩的故事.md deleted on server
2017-03-05 08:12:01: /Users/xbli/Documents/Blog/培养者/关于我.md deleted on server
2017-03-05 08:12:02: /Users/xbli/Documents/Blog/成长/2016-09-12-利用「教学套路」更好地自学.md deleted on server
2017-03-05 08:12:04: /Users/xbli/Documents/Blog/成长/2016-08-20-习惯.md deleted on server
2017-03-05 08:12:04:  sync ended
2017-04-11 12:49:14: sync-from-server template/css/screen.css same file in both client side and server side
2017-04-11 12:49:14: sync-from-server template/font/fontawesome-webfont.woff same file in both client side and server side
2017-04-11 12:49:14: sync-from-server 生活/西安印象.md same file in both client side and server side
2017-04-11 12:49:14: sync-from-server 创业/2016-01-24-product-team-organization.txt same file in both client side and server side
2017-04-11 12:49:14: sync-from-server 读书/flipped-classroom.md same file in both client side and server side
2017-04-11 12:49:14: sync-from-server 成长/_image/2016-09-09-11-14-55.jpg same file in both client side and server side
2017-04-11 12:49:14: sync-from-server 成长/_image/2016-09-09-11-31-35.jpg same file in both client side and server side
2017-04-11 12:49:14: sync-from-server 成长/_image/2016-09-09-11-46-49.jpg same file in both client side and server side
2017-04-11 12:49:14: sync-from-server 成长/_image/2016-09-09-11-51-29.jpg same file in both client side and server side
2017-04-11 12:49:14: sync-from-server 成长/_image/2016-09-09-12-09-27.jpg same file in both client side and server side
2017-04-11 12:49:14: sync-from-server 成长/_image/2016-09-09-12-14-52.jpg same file in both client side and server side
2017-04-11 12:49:14: sync-from-server 成长/_image/2016-09-09-12-17-58.jpg same file in both client side and server side
2017-04-11 12:49:14: sync-from-server 成长/_image/2016-09-09-12-40-06.jpg same file in both client side and server side
2017-04-11 12:49:14: sync-from-server 成长/_image/2016-09-09-12-43-23.jpg same file in both client side and server side
2017-04-11 12:49:14: sync-from-server 成长/_image/2016-09-09-12-48-02.png same file in both client side and server side
2017-04-11 12:49:14: sync-from-server 成长/_image/2016-09-09-12-59-52.jpg same file in both client side and server side
2017-04-11 12:49:14: sync-from-server 成长/_image/2016-09-10-12-26-50.jpg same file in both client side and server side
2017-04-11 12:49:14: sync-from-server 成长/2016-09-09-简历和面试技巧.md same file in both client side and server side
2017-04-11 12:49:14: sync-from-server 成长/2016-09-10-如何通过刻意练习成为面霸.md same file in both client side and server side
2017-04-11 12:49:14: sync-from-server 成长/_image/2016-09-11-09-33-25.jpg same file in both client side and server side
2017-04-11 12:49:14: sync-from-server 编程/_image/2016-11-24-14-35-39.jpg same file in both client side and server side
2017-04-11 12:49:14: sync-from-server 编程/_image/2016-11-24-15-54-53.jpg same file in both client side and server side
2017-04-11 12:49:14: sync-from-server 编程/_image/2016-11-24-15-55-36.jpg same file in both client side and server side
2017-04-11 12:49:14: sync-from-server 编程/_image/2016-11-24-15-56-20.jpg same file in both client side and server side
2017-04-11 12:49:14: sync-from-server 编程/开不好站会？因为不同阶段站会的目的不一样.md same file in both client side and server side
2017-04-11 12:49:14: sync-from-server site.txt same file in both client side and server side
2017-04-11 12:49:14: sync-from-server 培养者/_image/2017-02-14-08-36-34.jpg same file in both client side and server side
2017-04-11 12:49:14: sync-from-server 培养者/_image/2017-02-15-14-01-23.jpg same file in both client side and server side
2017-04-11 12:49:14: sync-from-server 培养者/_image/avatar.jpg same file in both client side and server side
2017-04-11 12:49:14: sync-from-server 编程/2016-08-09-程序员一定要打字很快吗？.md same file in both client side and server side
2017-04-11 12:49:14: sync-from-server 编程/2017-01-18-functional-programming-principles-in-scala-notes-week-1.md same file in both client side and server side
2017-04-11 12:49:14: sync-from-server template/wechat_template/_image/qrcode_for_gh_c396100fdc8b_860.jpg same file in both client side and server side
2017-04-11 12:49:14: sync-from-server 培养者/即兴表演练习.md same file in both client side and server side
2017-04-11 12:49:14: sync-from-server 培养者/幽默是智慧溢出，逗逼是情商欠费.md same file in both client side and server side
2017-04-11 12:49:14: sync-from-server 培养者/_image/2017-02-16-07-57-02.jpg same file in both client side and server side
2017-04-11 12:49:14: sync-from-server 培养者/离开了老师，我是这样高效学习的.md same file in both client side and server side
2017-04-11 12:49:14: sync-from-server 培养者/_image/2017-02-17-07-47-22.jpg same file in both client side and server side
2017-04-11 12:49:14: sync-from-server 培养者/_image/2017-02-17-07-52-38.jpg same file in both client side and server side
2017-04-11 12:49:14: sync-from-server 培养者/_image/2017-02-17-08-00-21.jpg same file in both client side and server side
2017-04-11 12:49:14: sync-from-server 培养者/_image/2017-02-17-08-07-19.jpg same file in both client side and server side
2017-04-11 12:49:14: sync-from-server 培养者/_image/2017-02-17-08-08-58.jpg same file in both client side and server side
2017-04-11 12:49:14: sync-from-server isaid.md same file in both client side and server side
2017-04-11 12:49:14: sync-from-server 培养者/0-关于我.md same file in both client side and server side
2017-04-11 12:49:14: sync-from-server got 培养者/2017-02-20-软件概念解释.md from server
2017-04-11 12:49:14: sync-from-server 培养者/「给建议」和「提问题」的区别，记一次教练对话练习.md same file in both client side and server side
2017-04-11 12:49:14: sync-from-server 培养者/你不是意志力差，只是不懂习惯的力量.md same file in both client side and server side
2017-04-11 12:49:14: sync-from-server 培养者/做了这几件事，我不再感到焦虑了.md same file in both client side and server side
2017-04-11 12:49:14: sync-from-server 培养者/培养习惯，我的三条心得.md same file in both client side and server side
2017-04-11 12:49:14: sync-from-server 培养者/复盘，三倍成长速度.md same file in both client side and server side
2017-04-11 12:49:14: sync-from-server 培养者/如何改变习惯.md same file in both client side and server side
2017-04-11 12:49:14: sync-from-server 培养者/如何理解「教练是一面镜子」.md same file in both client side and server side
2017-04-11 12:49:14: sync-from-server 培养者/如何组织程序员集体学习活动 Code Retreat（一）.md same file in both client side and server side
2017-04-11 12:49:14: sync-from-server 培养者/如何组织程序员集体学习活动 Code Retreat（二）.md same file in both client side and server side
2017-04-11 12:49:14: sync-from-server got 培养者/定错了目标.md from server
2017-04-11 12:49:14: sync-from-server 培养者/怎么听，对方才肯说？- 积极聆听技术简介.md same file in both client side and server side
2017-04-11 12:49:14: sync-from-server 培养者/我的时间管理观念和技巧.md same file in both client side and server side
2017-04-11 12:49:14: sync-from-server 培养者/我的晨间日记.md same file in both client side and server side
2017-04-11 12:49:14: sync-from-server 培养者/新人如何快速融入团队.md same file in both client side and server side
2017-04-11 12:49:14: sync-from-server 培养者/是时候停止找捷径了，开始练习吧.md same file in both client side and server side
2017-04-11 12:49:14: sync-from-server 培养者/续 - 如何理解「教练是一面镜子」.md same file in both client side and server side
2017-04-11 12:49:14: sync-from-server 培养者/这两本书改变了我的职业生涯，推荐给你.md same file in both client side and server side
2017-04-11 12:49:14: sync-from-server 培养者/_image/2017-02-18-21-03-03.jpg same file in both client side and server side
2017-04-11 12:49:14: sync-from-server 培养者/_image/2017-02-18-22-18-09.jpg same file in both client side and server side
2017-04-11 12:49:14: sync-from-server 培养者/_image/2017-02-21-09-42-50.jpg same file in both client side and server side
2017-04-11 12:49:14: sync-from-server 培养者/_image/2017-02-23-07-25-12.jpg same file in both client side and server side
2017-04-11 12:49:14: sync-from-server 培养者/_image/2017-02-23-07-59-55.jpg same file in both client side and server side
2017-04-11 12:49:14: sync-from-server 培养者/_image/2017-02-23-08-38-11.jpg same file in both client side and server side
2017-04-11 12:49:14: sync-from-server 培养者/_image/2017-02-24-06-49-34.jpg same file in both client side and server side
2017-04-11 12:49:14: sync-from-server 培养者/_image/2017-02-24-07-55-59.jpg same file in both client side and server side
2017-04-11 12:49:14: sync-from-server 培养者/_image/2017-02-25-07-21-05.jpg same file in both client side and server side
2017-04-11 12:49:14: sync-from-server 培养者/_image/2017-02-25-07-23-51.jpg same file in both client side and server side
2017-04-11 12:49:14: sync-from-server 培养者/_image/2017-02-25-07-40-21.jpg same file in both client side and server side
2017-04-11 12:49:14: sync-from-server 培养者/_image/2017-02-25-07-41-59.jpg same file in both client side and server side
2017-04-11 12:49:14: sync-from-server 培养者/_image/2017-02-26-23-17-40.jpg same file in both client side and server side
2017-04-11 12:49:14: sync-from-server 培养者/_image/2017-02-27-21-22-03.jpg same file in both client side and server side
2017-04-11 12:49:14: sync-from-server 培养者/_image/2017-02-27-21-25-52.jpg same file in both client side and server side
2017-04-11 12:49:14: sync-from-server 培养者/_image/2017-02-27-21-28-51.jpg same file in both client side and server side
2017-04-11 12:49:14: sync-from-server 培养者/_image/2017-02-27-21-36-57.jpg same file in both client side and server side
2017-04-11 12:49:14: sync-from-server 培养者/_image/2017-02-27-21-45-51.jpg same file in both client side and server side
2017-04-11 12:49:14: sync-from-server 培养者/_image/2017-02-27-22-08-32.jpg same file in both client side and server side
2017-04-11 12:49:14: sync-from-server 培养者/_image/2017-03-01-08-40-37.jpg same file in both client side and server side
2017-04-11 12:49:14: sync-from-server 培养者/_image/2017-03-01-08-44-27.jpg same file in both client side and server side
2017-04-11 12:49:14: sync-from-server 培养者/_image/2017-03-01-08-45-34.jpg same file in both client side and server side
2017-04-11 12:49:14: sync-from-server got 培养者/_image/2017-03-02-07-52-15.jpg from server
2017-04-11 12:49:14: sync-from-server 培养者/_image/2017-03-02-08-12-25.jpg same file in both client side and server side
2017-04-11 12:49:14: sync-from-server 培养者/_image/2017-03-02-08-15-54.jpg same file in both client side and server side
2017-04-11 12:49:14: sync-from-server 培养者/_image/2017-03-02-08-16-41.jpg same file in both client side and server side
2017-04-11 12:49:14: sync-from-server 培养者/_image/2017-03-02-08-17-18.jpg same file in both client side and server side
2017-04-11 12:49:14: sync-from-server 培养者/_image/2017-03-02-08-24-20.jpg same file in both client side and server side
2017-04-11 12:49:14: sync-from-server 培养者/_image/2017-03-02-08-25-50.jpg same file in both client side and server side
2017-04-11 12:49:14: sync-from-server 培养者/_image/2017-03-02-08-27-56.jpg same file in both client side and server side
2017-04-11 12:49:14: sync-from-server 培养者/_image/2017-03-03-11-13-17.jpg same file in both client side and server side
2017-04-11 12:49:14: sync-from-server 培养者/_image/2017-03-03-11-15-22.jpg same file in both client side and server side
2017-04-11 12:49:14: sync-from-server 培养者/_image/2017-03-03-11-17-29.jpg same file in both client side and server side
2017-04-11 12:49:14: sync-from-server 培养者/_image/2017-03-03-11-24-05.jpg same file in both client side and server side
2017-04-11 12:49:14: sync-from-server 培养者/_image/2017-03-03-18-51-25.jpg same file in both client side and server side
2017-04-11 12:49:14: sync-from-server 培养者/_image/Scannable Document on 18 Feb 2017- 10_08_25 PM.png same file in both client side and server side
2017-04-11 12:49:14: sync-from-server 培养者/_image/Scannable Document on 22 Feb 2017- 9_47_48 AM.png same file in both client side and server side
2017-04-11 12:49:14: sync-from-server 编程/2017-02-18-Code-Retreat-引导者怎么做.md same file in both client side and server side
2017-04-11 12:49:14: sync-from-server synced 128 files from server
2017-04-20 08:04:53:  start to sync now
2017-04-20 08:05:01: /Users/xbli/Documents/Blog/template/wechat_template/footer.md uploaded to server done
2017-04-20 08:05:02: /Users/xbli/Documents/Blog/培养者/30 天挑战达成了，我为何还要坚持绘画练习.md uploaded to server done
2017-04-20 08:05:03: /Users/xbli/Documents/Blog/培养者/30 天绘画练习，我经历了这三个阶段.md uploaded to server done
2017-04-20 08:05:04: /Users/xbli/Documents/Blog/培养者/减肥不成功，你可能是定错了目标.md uploaded to server done
2017-04-20 08:05:05: /Users/xbli/Documents/Blog/培养者/告别低效会议，教你设计工作坊.md uploaded to server done
2017-04-20 08:05:06: /Users/xbli/Documents/Blog/培养者/如何不停向自己学习.md uploaded to server done
2017-04-20 08:05:08: /Users/xbli/Documents/Blog/培养者/如何从「程序员」成长为「培养者」.md uploaded to server done
2017-04-20 08:05:09: /Users/xbli/Documents/Blog/培养者/如何培养终身学习者.md uploaded to server done
2017-04-20 08:05:10: /Users/xbli/Documents/Blog/培养者/如何完成认知升级和知识变现.md uploaded to server done
2017-04-20 08:05:11: /Users/xbli/Documents/Blog/培养者/如何让自己变得豁达.markdown uploaded to server done
2017-04-20 08:05:12: /Users/xbli/Documents/Blog/培养者/想成为高效的晨型人，只需做到这三点.md uploaded to server done
2017-04-20 08:05:13: /Users/xbli/Documents/Blog/培养者/我如何读书.md uploaded to server done
2017-04-20 08:05:14: /Users/xbli/Documents/Blog/培养者/深度解读 TDD（测试驱动开发）.md uploaded to server done
2017-04-20 08:05:15: /Users/xbli/Documents/Blog/培养者/爱的五种语言 - 如何更好地表达爱和接受爱.md uploaded to server done
2017-04-20 08:05:16: /Users/xbli/Documents/Blog/培养者/知识变现，我们这样的普通人该如何参与？.md uploaded to server done
2017-04-20 08:05:17: /Users/xbli/Documents/Blog/培养者/重新思考 Code Retreat.md uploaded to server done
2017-04-20 08:05:18: /Users/xbli/Documents/Blog/培养者/重要的事情说三点 - 一种有效的思维训练.md uploaded to server done
2017-04-20 08:05:22: /Users/xbli/Documents/Blog/培养者/_image/2017-03-06-08-53-33.jpg uploaded to server done
2017-04-20 08:05:25: /Users/xbli/Documents/Blog/培养者/_image/2017-03-07-10-24-12.jpg uploaded to server done
2017-04-20 08:05:27: /Users/xbli/Documents/Blog/培养者/_image/2017-03-09-14-37-51.jpg uploaded to server done
2017-04-20 08:05:31: /Users/xbli/Documents/Blog/培养者/_image/2017-03-10-09-18-24.jpg uploaded to server done
2017-04-20 08:05:35: /Users/xbli/Documents/Blog/培养者/_image/2017-03-10-09-19-25.jpg uploaded to server done
2017-04-20 08:05:41: /Users/xbli/Documents/Blog/培养者/_image/2017-03-10-09-20-37.jpg uploaded to server done
2017-04-20 08:05:45: /Users/xbli/Documents/Blog/培养者/_image/2017-03-10-09-21-23.jpg uploaded to server done
2017-04-20 08:05:47: /Users/xbli/Documents/Blog/培养者/_image/2017-03-10-09-23-05.jpg uploaded to server done
2017-04-20 08:05:50: /Users/xbli/Documents/Blog/培养者/_image/2017-03-10-09-24-19.jpg uploaded to server done
2017-04-20 08:05:53: /Users/xbli/Documents/Blog/培养者/_image/2017-03-10-09-25-01.jpg uploaded to server done
2017-04-20 08:05:57: /Users/xbli/Documents/Blog/培养者/_image/2017-03-11-19-56-33.jpg uploaded to server done
2017-04-20 08:06:01: /Users/xbli/Documents/Blog/培养者/_image/2017-03-11-20-00-19.jpg uploaded to server done
2017-04-20 08:06:33: /Users/xbli/Documents/Blog/培养者/_image/2017-03-11-20-00-41.jpg uploaded to server done
2017-04-20 08:07:44: /Users/xbli/Documents/Blog/培养者/_image/2017-03-11-20-19-48.jpg uploaded to server done
2017-04-20 08:08:22: /Users/xbli/Documents/Blog/培养者/_image/2017-03-12-09-03-17.jpg uploaded to server done
2017-04-20 08:08:59: /Users/xbli/Documents/Blog/培养者/_image/2017-03-12-09-03-57.jpg uploaded to server done
2017-04-20 08:09:36: /Users/xbli/Documents/Blog/培养者/_image/2017-03-14-22-54-14.jpg uploaded to server done
2017-04-20 08:10:08: /Users/xbli/Documents/Blog/培养者/_image/2017-03-15-22-12-05.jpg uploaded to server done
2017-04-20 08:10:12: /Users/xbli/Documents/Blog/培养者/_image/2017-03-16-08-25-22.jpg uploaded to server done
2017-04-20 08:10:15: /Users/xbli/Documents/Blog/培养者/_image/2017-03-22-09-29-51.jpg uploaded to server done
2017-04-20 08:10:19: /Users/xbli/Documents/Blog/培养者/_image/2017-03-22-11-16-59.jpg uploaded to server done
2017-04-20 08:10:23: /Users/xbli/Documents/Blog/培养者/_image/2017-03-22-12-09-54.jpg uploaded to server done
2017-04-20 08:10:26: /Users/xbli/Documents/Blog/培养者/_image/2017-03-31-08-00-59.jpg uploaded to server done
2017-04-20 08:10:30: /Users/xbli/Documents/Blog/培养者/_image/2017-03-31-08-04-22.jpg uploaded to server done
2017-04-20 08:10:34: /Users/xbli/Documents/Blog/培养者/_image/2017-03-31-08-21-25.jpg uploaded to server done
2017-04-20 08:10:37: /Users/xbli/Documents/Blog/培养者/_image/2017-04-05-09-19-25.jpg uploaded to server done
2017-04-20 08:10:41: /Users/xbli/Documents/Blog/培养者/_image/2017-04-06-10-43-12.jpg uploaded to server done
2017-04-20 08:10:43: /Users/xbli/Documents/Blog/培养者/_image/2017-04-11-18-52-17.jpg uploaded to server done
2017-04-20 08:10:48: /Users/xbli/Documents/Blog/培养者/_image/Scannable Document on 12 Mar 2017, 9_01_13 AM.png uploaded to server done
2017-04-20 08:10:51: /Users/xbli/Documents/Blog/培养者/_image/Scannable Document on 20 Apr 2017, 7_59_26 AM.png uploaded to server done
2017-04-20 08:10:59: /Users/xbli/Documents/Blog/培养者/_image/Scannable Document on 9 Mar 2017- 9_06_50 AM.png uploaded to server done
2017-04-20 08:11:02: /Users/xbli/Documents/Blog/培养者/_image/UNADJUSTEDNONRAW_thumb_182d.jpg uploaded to server done
2017-04-20 08:11:06: /Users/xbli/Documents/Blog/培养者/_image/UNADJUSTEDNONRAW_thumb_1c25.jpg uploaded to server done
2017-04-20 08:11:09: /Users/xbli/Documents/Blog/培养者/_image/UNADJUSTEDNONRAW_thumb_1c97.jpg uploaded to server done
2017-04-20 08:11:10:  sync ended
2017-04-21 15:46:10:  start to sync now
2017-04-21 15:46:18: /Users/xbli/Documents/Blog/培养者/30 天挑战达成了，我为何还要坚持绘画练习.md uploaded to server done
2017-04-21 15:46:19: /Users/xbli/Documents/Blog/培养者/30 天绘画练习，我经历了这三个阶段.md uploaded to server done
2017-04-21 15:46:20: /Users/xbli/Documents/Blog/培养者/如何爱上结对编程.md uploaded to server done
2017-04-21 15:46:21: /Users/xbli/Documents/Blog/培养者/我么如何学习-全视角学习理论.md uploaded to server done
2017-04-21 15:46:22: /Users/xbli/Documents/Blog/培养者/爱的五种语言 - 如何更好地表达爱和接受爱.md uploaded to server done
2017-04-21 15:46:26: /Users/xbli/Documents/Blog/培养者/_image/2017-04-14-07-51-02.png uploaded to server done
2017-04-21 15:46:28: /Users/xbli/Documents/Blog/培养者/_image/2017-04-14-07-51-10.png uploaded to server done
2017-04-21 15:46:31: /Users/xbli/Documents/Blog/培养者/_image/2017-04-16-08-08-49.jpg uploaded to server done
2017-04-21 15:46:35: /Users/xbli/Documents/Blog/培养者/_image/2017-04-16-08-11-58.jpg uploaded to server done
2017-04-21 15:46:37: /Users/xbli/Documents/Blog/培养者/_image/2017-04-20-08-08-28.jpg uploaded to server done
2017-04-21 15:46:37: /Users/xbli/Documents/Blog/培养者/减肥不成功，你可能是定错了目标.md deleted on server
2017-04-21 15:46:37:  sync ended
2017-07-06 16:16:57:  start to sync now
2017-07-06 16:17:02: /Users/xbli/Documents/Blog/about.md exist on server side already
2017-07-06 16:17:14: /Users/xbli/Documents/Blog/avatar.png uploaded to server done
2017-07-06 16:17:25: /Users/xbli/Documents/Blog/favicon.ico uploaded to server done
2017-07-06 16:17:31: /Users/xbli/Documents/Blog/isaid.md exist on server side already
2017-07-06 16:17:36: /Users/xbli/Documents/Blog/robots.txt exist on server side already
2017-07-06 16:17:48: /Users/xbli/Documents/Blog/site.txt uploaded to server done
2017-07-06 16:17:54: /Users/xbli/Documents/Blog/_image update folder to server
2017-07-06 16:18:00: /Users/xbli/Documents/Blog/info-sec update folder to server
2017-07-06 16:18:04:  start to sync now
2017-07-06 16:18:06: /Users/xbli/Documents/Blog/template update folder to server
2017-07-06 16:18:11: /Users/xbli/Documents/Blog/template update folder to server
2017-07-06 16:18:16: /Users/xbli/Documents/Blog/thoughtworks update folder to server
2017-07-06 16:18:21: /Users/xbli/Documents/Blog/thoughtworks update folder to server
2017-07-06 16:18:26: /Users/xbli/Documents/Blog/创业 update folder to server
2017-07-06 16:18:31: /Users/xbli/Documents/Blog/创业 update folder to server
2017-07-06 16:18:36: /Users/xbli/Documents/Blog/培养者 update folder to server
2017-07-06 16:18:41: /Users/xbli/Documents/Blog/培养者 update folder to server
2017-07-06 16:18:46: /Users/xbli/Documents/Blog/成长 update folder to server
2017-07-06 16:18:51: /Users/xbli/Documents/Blog/成长 update folder to server
2017-07-06 16:18:56: /Users/xbli/Documents/Blog/我的相册 update folder to server
2017-07-06 16:19:01: /Users/xbli/Documents/Blog/我的相册 update folder to server
2017-07-06 16:19:04: /Users/xbli/Documents/Blog/活动 update folder to server
2017-07-06 16:19:09: /Users/xbli/Documents/Blog/活动 update folder to server
2017-07-06 16:19:14: /Users/xbli/Documents/Blog/生活 update folder to server
2017-07-06 16:19:19: /Users/xbli/Documents/Blog/生活 update folder to server
2017-07-06 16:19:24: /Users/xbli/Documents/Blog/编程 update folder to server
2017-07-06 16:19:29: /Users/xbli/Documents/Blog/编程 update folder to server
2017-07-06 16:19:34: /Users/xbli/Documents/Blog/读书 update folder to server
2017-07-06 16:19:39: /Users/xbli/Documents/Blog/读书 update folder to server
2017-07-06 16:19:47: /Users/xbli/Documents/Blog/随笔 update folder to server
2017-07-06 16:19:52: /Users/xbli/Documents/Blog/随笔 update folder to server
2017-07-06 16:19:57: /Users/xbli/Documents/Blog/_image/avatar.jpg exist on server side already
2017-07-06 16:20:02: /Users/xbli/Documents/Blog/_image/avatar.jpg exist on server side already
2017-07-06 16:20:07: /Users/xbli/Documents/Blog/_image/2013-07-25 update folder to server
2017-07-06 16:20:12: /Users/xbli/Documents/Blog/_image/2013-07-25 update folder to server
2017-07-06 16:20:17: /Users/xbli/Documents/Blog/_image/2013-07-27 update folder to server
2017-07-06 16:20:22: /Users/xbli/Documents/Blog/_image/2013-07-27 update folder to server
2017-07-06 16:20:27: /Users/xbli/Documents/Blog/_image/2013-07-28 update folder to server
2017-07-06 16:20:32: /Users/xbli/Documents/Blog/_image/2013-07-28 update folder to server
2017-07-06 16:20:37: /Users/xbli/Documents/Blog/_image/2013-07-30 update folder to server
2017-07-06 16:20:42: /Users/xbli/Documents/Blog/_image/2013-07-30 update folder to server
2017-07-06 16:20:47: /Users/xbli/Documents/Blog/_image/2013-07-31 update folder to server
2017-07-06 16:20:52: /Users/xbli/Documents/Blog/_image/2013-07-31 update folder to server
2017-07-06 16:20:57: /Users/xbli/Documents/Blog/_image/2013-08-01 update folder to server
2017-07-06 16:21:02: /Users/xbli/Documents/Blog/_image/2013-08-01 update folder to server
2017-07-06 16:21:05: /Users/xbli/Documents/Blog/_image/2013-08-02 update folder to server
2017-07-06 16:21:10: /Users/xbli/Documents/Blog/_image/2013-08-02 update folder to server
2017-07-06 16:21:15: /Users/xbli/Documents/Blog/_image/2013-08-05 update folder to server
2017-07-06 16:21:20: /Users/xbli/Documents/Blog/_image/2013-08-05 update folder to server
2017-07-06 16:21:25: /Users/xbli/Documents/Blog/_image/2013-08-07 update folder to server
2017-07-06 16:21:30: /Users/xbli/Documents/Blog/_image/2013-08-07 update folder to server
2017-07-06 16:21:35: /Users/xbli/Documents/Blog/_image/2013-08-25 update folder to server
2017-07-06 16:21:40: /Users/xbli/Documents/Blog/_image/2013-08-25 update folder to server
2017-07-06 16:21:55: /Users/xbli/Documents/Blog/_image/2013-10-20 update folder to server
2017-07-06 16:22:10: /Users/xbli/Documents/Blog/_image/2013-10-20 update folder to server
2017-07-06 16:22:25: /Users/xbli/Documents/Blog/_image/2013-11-08 update folder to server
2017-07-06 16:22:40: /Users/xbli/Documents/Blog/_image/2013-11-08 update folder to server
2017-07-06 16:22:55: /Users/xbli/Documents/Blog/_image/2013-12-25 update folder to server
2017-07-06 16:23:10: /Users/xbli/Documents/Blog/_image/2013-12-25 update folder to server
2017-07-06 16:23:25: /Users/xbli/Documents/Blog/_image/2014-01-01 update folder to server
2017-07-06 16:23:40: /Users/xbli/Documents/Blog/_image/2014-01-01 update folder to server
2017-07-06 16:23:55: /Users/xbli/Documents/Blog/_image/2014-01-02 update folder to server
2017-07-06 16:24:10: /Users/xbli/Documents/Blog/_image/2014-01-02 update folder to server
2017-07-06 16:24:25: /Users/xbli/Documents/Blog/_image/2014-03-20 update folder to server
2017-07-06 16:24:40: /Users/xbli/Documents/Blog/_image/2014-03-20 update folder to server
2017-07-06 16:24:55: /Users/xbli/Documents/Blog/_image/2014-03-23 update folder to server
2017-07-06 16:25:05: /Users/xbli/Documents/Blog/_image/2014-03-23 update folder to server
2017-07-06 16:25:08: /Users/xbli/Documents/Blog/_image/2014-03-27 update folder to server
2017-07-06 16:25:22: /Users/xbli/Documents/Blog/_image/2014-03-27 update folder to server
2017-07-06 16:25:34: /Users/xbli/Documents/Blog/_image/2014-05-06 update folder to server
2017-07-06 16:25:39: /Users/xbli/Documents/Blog/_image/2014-05-06 update folder to server
2017-07-06 16:25:44: /Users/xbli/Documents/Blog/_image/2014-05-09 update folder to server
2017-07-06 16:25:50: /Users/xbli/Documents/Blog/_image/2014-05-09 update folder to server
2017-07-06 16:25:58: /Users/xbli/Documents/Blog/_image/2014-05-11 update folder to server
2017-07-06 16:26:06: /Users/xbli/Documents/Blog/_image/2014-05-11 update folder to server
2017-07-06 16:26:11: /Users/xbli/Documents/Blog/_image/2014-05-12 update folder to server
2017-07-06 16:26:16: /Users/xbli/Documents/Blog/_image/2014-05-12 update folder to server
2017-07-06 16:26:21: /Users/xbli/Documents/Blog/_image/2014-05-25 update folder to server
2017-07-06 16:26:26: /Users/xbli/Documents/Blog/_image/2014-05-25 update folder to server
2017-07-06 16:26:31: /Users/xbli/Documents/Blog/_image/2014-05-27 update folder to server
2017-07-06 16:26:36: /Users/xbli/Documents/Blog/_image/2014-05-27 update folder to server
2017-07-06 16:26:41: /Users/xbli/Documents/Blog/_image/2014-05-28 update folder to server
2017-07-06 16:26:46: /Users/xbli/Documents/Blog/_image/2014-05-28 update folder to server
2017-07-06 16:31:19:  start to sync now
2017-07-06 16:31:32: /Users/xbli/Documents/seabornlee/_image/2014-08-04 update folder to server
2017-07-06 16:31:48: /Users/xbli/Documents/seabornlee/_image/2015-10-16 update folder to server
2017-07-06 16:32:02: /Users/xbli/Documents/seabornlee/_image/isaid update folder to server
2017-07-06 16:32:34: /Users/xbli/Documents/seabornlee/_image/2013-07-25/20-51-22.jpg uploaded to server done
2017-07-06 16:33:04: /Users/xbli/Documents/seabornlee/_image/2013-07-27/1.png uploaded to server done
2017-07-06 16:33:33: /Users/xbli/Documents/seabornlee/_image/2013-07-27/11.png uploaded to server done
2017-07-06 16:34:03: /Users/xbli/Documents/seabornlee/_image/2013-07-27/12.png uploaded to server done
2017-07-06 16:34:44: /Users/xbli/Documents/seabornlee/_image/2013-07-27/13.png uploaded to server done
2017-07-06 16:35:20: /Users/xbli/Documents/seabornlee/_image/2013-07-27/14.png uploaded to server done
2017-07-06 16:36:00: /Users/xbli/Documents/seabornlee/_image/2013-07-27/15.png uploaded to server done
2017-07-06 16:36:38: /Users/xbli/Documents/seabornlee/_image/2013-07-27/16.png uploaded to server done
2017-07-06 16:37:16: /Users/xbli/Documents/seabornlee/_image/2013-07-27/17.png uploaded to server done
2017-07-06 16:37:48: /Users/xbli/Documents/seabornlee/_image/2013-07-28/09-10-50.jpg uploaded to server done
2017-07-06 16:38:24: /Users/xbli/Documents/seabornlee/_image/2013-07-28/1c2736818fc51b436a1f4b63ddb0bf27.jpeg uploaded to server done
2017-07-06 16:38:56: /Users/xbli/Documents/seabornlee/_image/2013-07-28/3b0fef3da18440cf2b1d34644921782d.jpeg uploaded to server done
2017-07-06 16:39:31: /Users/xbli/Documents/seabornlee/_image/2013-07-30/18-55-47.jpg uploaded to server done
2017-07-06 16:40:12: /Users/xbli/Documents/seabornlee/_image/2013-07-31/22-50-17.jpg uploaded to server done
2017-07-06 16:40:49: /Users/xbli/Documents/seabornlee/_image/2013-07-31/Screen-Shot-2013-07-31-at-10.28.01-AM.png uploaded to server done
2017-07-06 16:41:27: /Users/xbli/Documents/seabornlee/_image/2013-07-31/Screen-Shot-2013-07-31-at-10.57.24-AM.png uploaded to server done
2017-07-06 16:42:28: /Users/xbli/Documents/seabornlee/_image/2013-07-31/Screen-Shot-2013-07-31-at-12.17.45-PM.png uploaded to server done
2017-07-06 16:43:08: /Users/xbli/Documents/seabornlee/_image/2013-08-01/12-26-41.jpg uploaded to server done
2017-07-06 16:43:37: /Users/xbli/Documents/seabornlee/_image/2013-08-02/10-14-57.jpg uploaded to server done
2017-07-06 16:44:06: /Users/xbli/Documents/seabornlee/_image/2013-08-02/Screen-Shot-2013-08-02-at-1.04.33-PM.png uploaded to server done
2017-07-06 16:44:43: /Users/xbli/Documents/seabornlee/_image/2013-08-02/Screen-Shot-2013-08-02-at-1.05.25-PM.png uploaded to server done
2017-07-06 16:45:10: /Users/xbli/Documents/seabornlee/_image/2013-08-02/Screen-Shot-2013-08-02-at-1.40.05-PM.png uploaded to server done
2017-07-06 16:45:35: /Users/xbli/Documents/seabornlee/_image/2013-08-02/Screen-Shot-2013-08-02-at-6.25.19-PM.png uploaded to server done
2017-07-06 16:46:06: /Users/xbli/Documents/seabornlee/_image/2013-08-05/Screen-Shot-2013-08-05-at-4.14.40-PM.png uploaded to server done
2017-07-06 16:46:33: /Users/xbli/Documents/seabornlee/_image/2013-08-05/Screen-Shot-2013-08-05-at-6.00.22-PM.png uploaded to server done
2017-07-06 16:47:18: /Users/xbli/Documents/seabornlee/_image/2013-08-07/08-18-56.jpg uploaded to server done
2017-07-06 16:47:55: /Users/xbli/Documents/seabornlee/_image/2013-08-25/22-05-30.jpg uploaded to server done
2017-07-06 16:48:29: /Users/xbli/Documents/seabornlee/_image/2013-10-20/IMG_3316.jpg uploaded to server done
2017-07-06 16:49:14: /Users/xbli/Documents/seabornlee/_image/2013-11-08/Screen-Shot-2013-11-08-at-11.39.17-AM.png uploaded to server done
2017-07-06 16:49:48: /Users/xbli/Documents/seabornlee/_image/2013-12-25/IMG_20131224_171330.jpg uploaded to server done
2017-07-06 16:50:19: /Users/xbli/Documents/seabornlee/_image/2013-12-25/Screen-Shot-2013-12-25-at-8.29.25-AM.png uploaded to server done
2017-07-06 16:50:44: /Users/xbli/Documents/seabornlee/_image/2014-01-01/IMG_3227.JPG uploaded to server done
2017-07-06 16:51:35: /Users/xbli/Documents/seabornlee/_image/2014-01-01/psb.png uploaded to server done
2017-07-06 16:52:17: /Users/xbli/Documents/seabornlee/_image/2014-01-01/Screen-Shot-2014-01-01-at-5.26.56-PM.png uploaded to server done
2017-07-06 16:52:45: /Users/xbli/Documents/seabornlee/_image/2014-01-01/Screen-Shot-2014-01-01-at-6.47.27-PM.png uploaded to server done
2017-07-06 16:53:12: /Users/xbli/Documents/seabornlee/_image/2014-01-01/Screen-Shot-2014-01-01-at-6.48.53-PM.png uploaded to server done
2017-07-06 16:53:55: /Users/xbli/Documents/seabornlee/_image/2014-01-01/Screen-Shot-2014-01-01-at-6.49.33-PM.png uploaded to server done
2017-07-06 16:54:27: /Users/xbli/Documents/seabornlee/_image/2014-01-01/Screen-Shot-2014-01-01-at-6.50.11-PM.png uploaded to server done
2017-07-06 16:55:21: /Users/xbli/Documents/seabornlee/_image/2014-01-01/Screen-Shot-2014-01-01-at-6.50.56-PM.png uploaded to server done
2017-07-06 16:56:10: /Users/xbli/Documents/seabornlee/_image/2014-01-01/Screen-Shot-2014-01-01-at-6.58.00-PM.png uploaded to server done
2017-07-06 16:56:51: /Users/xbli/Documents/seabornlee/_image/2014-01-01/Screen-Shot-2014-01-01-at-6.58.32-PM.png uploaded to server done
2017-07-06 16:57:23: /Users/xbli/Documents/seabornlee/_image/2014-01-01/Screen-Shot-2014-01-01-at-6.59.42-PM.png uploaded to server done
2017-07-06 16:57:53: /Users/xbli/Documents/seabornlee/_image/2014-01-02/Screenshot_2014-01-01-08-19-16.png uploaded to server done
2017-07-06 16:58:41: /Users/xbli/Documents/seabornlee/_image/2014-03-20/photo.JPG uploaded to server done
2017-07-06 16:59:25: /Users/xbli/Documents/seabornlee/_image/2014-03-23/IMG_5134.JPG uploaded to server done
2017-07-06 17:00:06: /Users/xbli/Documents/seabornlee/_image/2014-03-27/photo-2.JPG uploaded to server done
2017-07-06 17:00:40: /Users/xbli/Documents/seabornlee/_image/2014-05-06/07-25-26.jpg uploaded to server done
2017-07-06 17:01:20: /Users/xbli/Documents/seabornlee/_image/2014-05-06/08-06-19.jpg uploaded to server done
2017-07-06 17:02:03: /Users/xbli/Documents/seabornlee/_image/2014-05-06/08-54-47.jpg uploaded to server done
2017-07-06 17:02:45: /Users/xbli/Documents/seabornlee/_image/2014-05-06/09-09-19.jpg uploaded to server done
2017-07-06 17:03:19: /Users/xbli/Documents/seabornlee/_image/2014-05-06/360-result.png uploaded to server done
2017-07-06 17:03:51: /Users/xbli/Documents/seabornlee/_image/2014-05-06/594sgk.png uploaded to server done
2017-07-06 17:04:17: /Users/xbli/Documents/seabornlee/_image/2014-05-09/08-32-50.jpg uploaded to server done
2017-07-06 17:04:45: /Users/xbli/Documents/seabornlee/_image/2014-05-09/08-35-33.jpg uploaded to server done
2017-07-06 17:05:14: /Users/xbli/Documents/seabornlee/_image/2014-05-11/14-52-18.jpg uploaded to server done
2017-07-06 17:05:44: /Users/xbli/Documents/seabornlee/_image/2014-05-11/14-54-46.jpg uploaded to server done
2017-07-06 17:06:14: /Users/xbli/Documents/seabornlee/_image/2014-05-11/19-00-59.jpg uploaded to server done
2017-07-06 17:06:40: /Users/xbli/Documents/seabornlee/_image/2014-05-11/22-00-34.jpg uploaded to server done
2017-07-06 17:07:10: /Users/xbli/Documents/seabornlee/_image/2014-05-11/22-47-48.jpg uploaded to server done
2017-07-06 17:07:39: /Users/xbli/Documents/seabornlee/_image/2014-05-12/07-58-38.jpg uploaded to server done
2017-07-06 17:08:25: /Users/xbli/Documents/seabornlee/_image/2014-05-25/IMG_5287.JPG uploaded to server done
2017-07-06 17:09:06: /Users/xbli/Documents/seabornlee/_image/2014-05-27/22-23-59.jpg uploaded to server done
2017-07-06 17:09:54: /Users/xbli/Documents/seabornlee/_image/2014-05-27/22-26-36.jpg uploaded to server done
2017-07-06 17:10:35: /Users/xbli/Documents/seabornlee/_image/2014-05-27/22-46-22.jpg uploaded to server done
2017-07-06 17:11:13: /Users/xbli/Documents/seabornlee/_image/2014-05-27/23-23-01.jpg uploaded to server done
2017-07-06 17:11:55: /Users/xbli/Documents/seabornlee/_image/2014-05-27/Screen-Shot-2014-05-27-at-21.56.09.png uploaded to server done
2017-07-06 19:04:55: sync-from-server 培养者/_image/2017-02-27-21-25-52.jpg same file in both client side and server side
2017-07-06 19:04:55: sync-from-server 培养者/_image/2017-02-27-21-28-51.jpg same file in both client side and server side
2017-07-06 19:04:55: sync-from-server 培养者/_image/2017-02-27-21-36-57.jpg same file in both client side and server side
2017-07-06 19:04:55: sync-from-server 培养者/_image/2017-02-27-21-45-51.jpg same file in both client side and server side
2017-07-06 19:04:55: sync-from-server 培养者/_image/2017-02-27-22-08-32.jpg same file in both client side and server side
2017-07-06 19:04:55: sync-from-server 培养者/_image/2017-03-01-08-40-37.jpg same file in both client side and server side
2017-07-06 19:04:55: sync-from-server 培养者/_image/2017-03-01-08-44-27.jpg same file in both client side and server side
2017-07-06 19:04:55: sync-from-server 培养者/_image/2017-03-01-08-45-34.jpg same file in both client side and server side
2017-07-06 19:04:55: sync-from-server 培养者/_image/2017-03-02-07-52-15.jpg same file in both client side and server side
2017-07-06 19:04:55: sync-from-server 培养者/_image/2017-03-02-08-12-25.jpg same file in both client side and server side
2017-07-06 19:04:55: sync-from-server 培养者/_image/2017-03-02-08-15-54.jpg same file in both client side and server side
2017-07-06 19:04:55: sync-from-server 培养者/_image/2017-03-02-08-16-41.jpg same file in both client side and server side
2017-07-06 19:04:55: sync-from-server 培养者/_image/2017-03-02-08-17-18.jpg same file in both client side and server side
2017-07-06 19:04:55: sync-from-server 培养者/_image/2017-03-02-08-24-20.jpg same file in both client side and server side
2017-07-06 19:04:55: sync-from-server 培养者/_image/2017-03-02-08-25-50.jpg same file in both client side and server side
2017-07-06 19:04:55: sync-from-server 培养者/_image/2017-03-02-08-27-56.jpg same file in both client side and server side
2017-07-06 19:04:55: sync-from-server 培养者/_image/2017-03-03-11-13-17.jpg same file in both client side and server side
2017-07-06 19:04:55: sync-from-server 培养者/_image/2017-03-03-11-15-22.jpg same file in both client side and server side
2017-07-06 19:04:55: sync-from-server 培养者/_image/2017-03-03-11-17-29.jpg same file in both client side and server side
2017-07-06 19:04:55: sync-from-server 培养者/_image/2017-03-03-11-24-05.jpg same file in both client side and server side
2017-07-06 19:04:55: sync-from-server 培养者/_image/2017-03-03-18-51-25.jpg same file in both client side and server side
2017-07-06 19:04:55: sync-from-server 培养者/_image/2017-03-06-08-53-33.jpg same file in both client side and server side
2017-07-06 19:04:55: sync-from-server 培养者/_image/2017-03-07-10-24-12.jpg same file in both client side and server side
2017-07-06 19:04:55: sync-from-server 培养者/_image/2017-03-09-14-37-51.jpg same file in both client side and server side
2017-07-06 19:04:55: sync-from-server 培养者/_image/2017-03-10-09-18-24.jpg same file in both client side and server side
2017-07-06 19:04:55: sync-from-server 培养者/_image/2017-03-10-09-19-25.jpg same file in both client side and server side
2017-07-06 19:04:55: sync-from-server 培养者/_image/2017-03-10-09-20-37.jpg same file in both client side and server side
2017-07-06 19:04:55: sync-from-server 培养者/_image/2017-03-10-09-21-23.jpg same file in both client side and server side
2017-07-06 19:04:55: sync-from-server 培养者/_image/2017-03-10-09-23-05.jpg same file in both client side and server side
2017-07-06 19:04:55: sync-from-server 培养者/_image/2017-03-10-09-24-19.jpg same file in both client side and server side
2017-07-06 19:04:55: sync-from-server 培养者/_image/2017-03-10-09-25-01.jpg same file in both client side and server side
2017-07-06 19:04:55: sync-from-server 培养者/_image/2017-03-11-19-56-33.jpg same file in both client side and server side
2017-07-06 19:04:55: sync-from-server 培养者/_image/2017-03-11-20-00-19.jpg same file in both client side and server side
2017-07-06 19:04:55: sync-from-server 培养者/_image/2017-03-11-20-00-41.jpg same file in both client side and server side
2017-07-06 19:04:55: sync-from-server 培养者/_image/2017-03-11-20-19-48.jpg same file in both client side and server side
2017-07-06 19:04:55: sync-from-server 培养者/_image/2017-03-12-09-03-17.jpg same file in both client side and server side
2017-07-06 19:04:55: sync-from-server 培养者/_image/2017-03-12-09-03-57.jpg same file in both client side and server side
2017-07-06 19:04:55: sync-from-server 培养者/_image/2017-03-14-22-54-14.jpg same file in both client side and server side
2017-07-06 19:04:55: sync-from-server 培养者/_image/2017-03-15-22-12-05.jpg same file in both client side and server side
2017-07-06 19:04:55: sync-from-server 培养者/_image/2017-03-16-08-25-22.jpg same file in both client side and server side
2017-07-06 19:04:55: sync-from-server 培养者/_image/2017-03-22-09-29-51.jpg same file in both client side and server side
2017-07-06 19:04:55: sync-from-server 培养者/_image/2017-03-22-11-16-59.jpg same file in both client side and server side
2017-07-06 19:04:55: sync-from-server 培养者/_image/2017-03-22-12-09-54.jpg same file in both client side and server side
2017-07-06 19:04:55: sync-from-server 培养者/_image/2017-03-31-08-00-59.jpg same file in both client side and server side
2017-07-06 19:04:55: sync-from-server 培养者/_image/2017-03-31-08-04-22.jpg same file in both client side and server side
2017-07-06 19:04:55: sync-from-server 培养者/_image/2017-03-31-08-21-25.jpg same file in both client side and server side
2017-07-06 19:04:55: sync-from-server 培养者/_image/2017-04-05-09-19-25.jpg same file in both client side and server side
2017-07-06 19:04:55: sync-from-server 培养者/_image/2017-04-06-10-43-12.jpg same file in both client side and server side
2017-07-06 19:04:55: sync-from-server 培养者/_image/2017-04-11-18-52-17.jpg same file in both client side and server side
2017-07-06 19:04:55: sync-from-server 培养者/_image/2017-04-14-07-51-02.png same file in both client side and server side
2017-07-06 19:04:55: sync-from-server 培养者/_image/2017-04-14-07-51-10.png same file in both client side and server side
2017-07-06 19:04:55: sync-from-server 培养者/_image/2017-04-16-08-08-49.jpg same file in both client side and server side
2017-07-06 19:04:55: sync-from-server 培养者/_image/2017-04-16-08-11-58.jpg same file in both client side and server side
2017-07-06 19:04:55: sync-from-server 培养者/_image/2017-04-20-08-08-28.jpg same file in both client side and server side
2017-07-06 19:04:55: sync-from-server 培养者/_image/2017-04-25-12-11-22.jpg same file in both client side and server side
2017-07-06 19:04:55: sync-from-server 培养者/_image/2017-04-25-12-39-42.jpg same file in both client side and server side
2017-07-06 19:04:55: sync-from-server 培养者/_image/2017-04-25-12-54-33.jpg same file in both client side and server side
2017-07-06 19:04:55: sync-from-server 培养者/_image/2017-05-18-17-47-24.jpg same file in both client side and server side
2017-07-06 19:04:55: sync-from-server 培养者/_image/2017-06-26-13-38-26.jpg same file in both client side and server side
2017-07-06 19:04:55: sync-from-server 培养者/_image/2017-06-26-13-38-45.jpg same file in both client side and server side
2017-07-06 19:04:55: sync-from-server 培养者/_image/2017-06-26-13-39-27.jpg same file in both client side and server side
2017-07-06 19:04:55: sync-from-server 培养者/_image/2017-06-26-13-39-51.jpg same file in both client side and server side
2017-07-06 19:04:55: sync-from-server 培养者/_image/2017-04-25-12-55-05.jpg same file in both client side and server side
2017-07-06 19:04:55: sync-from-server 培养者/_image/2017-06-26-13-41-39.jpg same file in both client side and server side
2017-07-06 19:04:55: sync-from-server 培养者/_image/2017-06-26-14-42-59.jpg same file in both client side and server side
2017-07-06 19:04:55: sync-from-server 培养者/_image/2017-06-26-15-18-16.jpg same file in both client side and server side
2017-07-06 19:04:55: sync-from-server 培养者/_image/2017-06-26-15-23-44.jpg same file in both client side and server side
2017-07-06 19:04:55: sync-from-server 培养者/_image/2017-06-26-15-33-40.jpg same file in both client side and server side
2017-07-06 19:04:55: sync-from-server 培养者/_image/2017-06-26-15-34-08.jpg same file in both client side and server side
2017-07-06 19:04:55: sync-from-server 培养者/_image/2017-06-26-15-40-36.jpg same file in both client side and server side
2017-07-06 19:04:55: sync-from-server 培养者/_image/avatar.jpg same file in both client side and server side
2017-07-06 19:04:55: sync-from-server 培养者/_image/Scannable Document on 12 Mar 2017, 9_01_13 AM.png same file in both client side and server side
2017-07-06 19:04:55: sync-from-server 培养者/_image/Scannable Document on 18 Feb 2017- 10_08_25 PM.png same file in both client side and server side
2017-07-06 19:04:55: sync-from-server 培养者/_image/Scannable Document on 20 Apr 2017, 7_59_26 AM.png same file in both client side and server side
2017-07-06 19:04:55: sync-from-server 培养者/_image/Scannable Document on 22 Feb 2017- 9_47_48 AM.png same file in both client side and server side
2017-07-06 19:04:55: sync-from-server 培养者/_image/Scannable Document on 9 Mar 2017- 9_06_50 AM.png same file in both client side and server side
2017-07-06 19:04:55: sync-from-server 培养者/_image/UNADJUSTEDNONRAW_thumb_182d.jpg same file in both client side and server side
2017-07-06 19:04:55: sync-from-server 培养者/_image/UNADJUSTEDNONRAW_thumb_1c25.jpg same file in both client side and server side
2017-07-06 19:04:55: sync-from-server 培养者/_image/UNADJUSTEDNONRAW_thumb_1c97.jpg same file in both client side and server side
2017-07-06 19:04:55: sync-from-server 成长/2011年度总结.md same file in both client side and server side
2017-07-06 19:04:55: sync-from-server 成长/2012-01-04-why-you-should-blogging.md same file in both client side and server side
2017-07-06 19:04:55: sync-from-server 成长/2012-02-21-let-us-start-a-group.md same file in both client side and server side
2017-07-06 19:04:55: sync-from-server 成长/2012-02-27-first-meeting-note.md same file in both client side and server side
2017-07-06 19:04:55: sync-from-server 成长/2012-02-27-second-activity-conclusion.md same file in both client side and server side
2017-07-06 19:04:55: sync-from-server 成长/2012-12-04-help-you-growing-by-reading.md same file in both client side and server side
2017-07-06 19:04:55: sync-from-server 成长/2012年度总结.md same file in both client side and server side
2017-07-06 19:04:55: sync-from-server 成长/2013-03-11-agile-is-changing-me.md same file in both client side and server side
2017-07-06 19:04:55: sync-from-server 成长/2013年度总结.md same file in both client side and server side
2017-07-06 19:04:55: sync-from-server 成长/2014年度总结.md same file in both client side and server side
2017-07-06 19:04:55: sync-from-server 成长/2015年度总结.md same file in both client side and server side
2017-07-06 19:04:55: sync-from-server 成长/2016-09-09-简历和面试技巧.md same file in both client side and server side
2017-07-06 19:04:55: sync-from-server 成长/2016-09-10-如何通过刻意练习成为面霸.md same file in both client side and server side
2017-07-06 19:04:55: sync-from-server 成长/cover.png same file in both client side and server side
2017-07-06 19:04:55: sync-from-server 成长/_image/2016-09-09-11-14-55.jpg same file in both client side and server side
2017-07-06 19:04:55: sync-from-server 成长/_image/2016-09-09-11-31-35.jpg same file in both client side and server side
2017-07-06 19:04:55: sync-from-server 成长/_image/2016-09-09-11-46-49.jpg same file in both client side and server side
2017-07-06 19:04:55: sync-from-server 成长/_image/2016-09-09-11-51-29.jpg same file in both client side and server side
2017-07-06 19:04:55: sync-from-server 成长/_image/2016-09-09-12-09-27.jpg same file in both client side and server side
2017-07-06 19:04:55: sync-from-server 成长/_image/2016-09-09-12-14-52.jpg same file in both client side and server side
2017-07-06 19:04:55: sync-from-server 成长/_image/2016-09-09-12-17-58.jpg same file in both client side and server side
2017-07-06 19:04:55: sync-from-server 成长/_image/2016-09-09-12-40-06.jpg same file in both client side and server side
2017-07-06 19:04:55: sync-from-server 成长/_image/2016-09-09-12-43-23.jpg same file in both client side and server side
2017-07-06 19:04:55: sync-from-server 成长/_image/2016-09-09-12-48-02.png same file in both client side and server side
2017-07-06 19:04:55: sync-from-server 成长/_image/2016-09-09-12-59-52.jpg same file in both client side and server side
2017-07-06 19:04:55: sync-from-server 成长/_image/2016-09-10-12-26-50.jpg same file in both client side and server side
2017-07-06 19:04:55: sync-from-server 成长/_image/2016-09-11-09-33-25.jpg same file in both client side and server side
2017-07-06 19:04:55: sync-from-server 成长/_image/2014年度总结/2014 大事.png same file in both client side and server side
2017-07-06 19:04:55: sync-from-server 成长/_image/Mac OS，iOS应用推荐/2014 大事.png same file in both client side and server side
2017-07-06 19:04:55: sync-from-server 我的相册/MadeByPaper53/IMG_0146.PNG same file in both client side and server side
2017-07-06 19:04:55: sync-from-server 我的相册/MadeByPaper53/IMG_5254.JPG same file in both client side and server side
2017-07-06 19:04:55: sync-from-server 我的相册/Scrum Gathering/2013-06-29 16.21.16.jpg same file in both client side and server side
2017-07-06 19:04:55: sync-from-server 我的相册/Scrum Gathering/2013-06-29 17.41.21.jpg same file in both client side and server side
2017-07-06 19:04:55: sync-from-server 我的相册/Scrum Gathering/7930dc1ejw1e65ch67tsjj218g0xc14n.jpg same file in both client side and server side
2017-07-06 19:04:55: sync-from-server 我的相册/Scrum Gathering/DSC_0037.JPG same file in both client side and server side
2017-07-06 19:04:55: sync-from-server 我的相册/Scrum Gathering/橙色风暴.jpg same file in both client side and server side
2017-07-06 19:04:55: sync-from-server 我的相册/Scrum Gathering/送手工包给Carol.JPG same file in both client side and server side
2017-07-06 19:04:55: sync-from-server 我的相册/Scrum Gathering/送手工包给Mary.jpg same file in both client side and server side
2017-07-06 19:04:55: sync-from-server got configs/site.json from server
2017-07-06 19:04:55: sync-from-server 我的相册/ThoughtWorks/唱着小曲儿去报道.jpg same file in both client side and server side
2017-07-06 19:04:55: sync-from-server 我的相册/上海/2013-07-04 20.51.08.jpg same file in both client side and server side
2017-07-06 19:04:55: sync-from-server 我的相册/上海/外滩.jpg same file in both client side and server side
2017-07-06 19:04:55: sync-from-server 我的相册/上海/是南京路吧.jpg same file in both client side and server side
2017-07-06 19:04:55: sync-from-server 我的相册/上海/超好吃.jpg same file in both client side and server side
2017-07-06 19:04:55: sync-from-server 我的相册/南戴河/其实我是坐票.jpg same file in both client side and server side
2017-07-06 19:04:55: sync-from-server got configs/render.json from server
2017-07-06 19:04:55: sync-from-server 我的相册/南戴河/海盗抢了个美女.jpg same file in both client side and server side
2017-07-06 19:04:55: sync-from-server 我的相册/截图/IntelliJ.gif same file in both client side and server side
2017-07-06 19:04:55: sync-from-server 我的相册/神码/2013-04-28 15.02.42.jpg same file in both client side and server side
2017-07-06 19:04:55: sync-from-server 我的相册/神码/为实习生“吴教授”送行.jpg same file in both client side and server side
2017-07-06 19:04:55: sync-from-server 我的相册/神码/入模子.jpg same file in both client side and server side
2017-07-06 19:04:55: sync-from-server 我的相册/神码/大连海滩.jpg same file in both client side and server side
2017-07-06 19:04:55: sync-from-server 我的相册/神码/天津之行.jpg same file in both client side and server side
2017-07-06 19:04:55: sync-from-server 我的相册/神码/小伙儿们来帮我搬家.jpg same file in both client side and server side
2017-07-06 19:04:55: sync-from-server 我的相册/神码/年轻的团队.jpg same file in both client side and server side
2017-07-06 19:04:55: sync-from-server 我的相册/神码/成都旅游和老朋友相聚.jpg same file in both client side and server side
2017-07-06 19:04:55: sync-from-server 我的相册/神码/摆拍.jpg same file in both client side and server side
2017-07-06 19:04:55: sync-from-server 我的相册/神码/百望山团队建设.jpg same file in both client side and server side
2017-07-06 19:04:55: sync-from-server 我的相册/神码/盛装年会.jpg same file in both client side and server side
2017-07-06 19:04:55: sync-from-server 我的相册/速写/一把剪刀.jpg same file in both client side and server side
2017-07-06 19:04:55: sync-from-server 我的相册/速写/书桌.jpg same file in both client side and server side
2017-07-06 19:04:55: sync-from-server 我的相册/速写/加油.jpg same file in both client side and server side
2017-07-06 19:04:55: sync-from-server 我的相册/速写/半杯水.jpg same file in both client side and server side
2017-07-06 19:04:55: sync-from-server 我的相册/速写/卖萌.jpg same file in both client side and server side
2017-07-06 19:04:55: sync-from-server 我的相册/速写/吃货.jpg same file in both client side and server side
2017-07-06 19:04:55: sync-from-server 我的相册/速写/天津之眼.jpg same file in both client side and server side
2017-07-06 19:04:55: sync-from-server 我的相册/速写/奶牛.jpg same file in both client side and server side
2017-07-06 19:04:55: sync-from-server 我的相册/速写/小丸子.jpg same file in both client side and server side
2017-07-06 19:04:55: sync-from-server 我的相册/速写/小盆栽.jpg same file in both client side and server side
2017-07-06 19:04:55: sync-from-server 我的相册/速写/微博首页上的一个广告.jpg same file in both client side and server side
2017-07-06 19:04:55: sync-from-server 我的相册/速写/成都旅游时住的酒店.jpg same file in both client side and server side
2017-07-06 19:04:55: sync-from-server 我的相册/速写/成都旅游时，同事拍的照片，没画完.jpg same file in both client side and server side
2017-07-06 19:04:55: sync-from-server 我的相册/速写/本来想画自己的，太不像了.jpg same file in both client side and server side
2017-07-06 19:04:55: sync-from-server 我的相册/速写/杂志上的情侣.jpg same file in both client side and server side
2017-07-06 19:04:55: sync-from-server got _data/visits.csv from server
2017-07-06 19:04:55: sync-from-server 我的相册/速写/梦游娃娃.jpg same file in both client side and server side
2017-07-06 19:04:55: sync-from-server got _data/visits/2017-07-06.csv from server
2017-07-06 19:04:55: sync-from-server 我的相册/速写/沙滩.jpg same file in both client side and server side
2017-07-06 19:04:55: sync-from-server 我的相册/速写/猪头.jpg same file in both client side and server side
2017-07-06 19:04:55: sync-from-server 我的相册/速写/留着口水的吃货.jpg same file in both client side and server side
2017-07-06 19:04:55: sync-from-server 我的相册/速写/练武术的老头儿.jpg same file in both client side and server side
2017-07-06 19:04:55: sync-from-server 我的相册/速写/老头儿.jpg same file in both client side and server side
2017-07-06 19:04:55: sync-from-server 我的相册/速写/色狼.jpg same file in both client side and server side
2017-07-06 19:04:55: sync-from-server 我的相册/速写/萌太奇.jpg same file in both client side and server side
2017-07-06 19:04:55: sync-from-server 我的相册/速写/这张是倒着画成的，从《五天学会绘画》上学的.jpg same file in both client side and server side
2017-07-06 19:04:55: sync-from-server 我的相册/速写/酷酷的OL.jpg same file in both client side and server side
2017-07-06 19:04:55: sync-from-server 我的相册/速写/食品包装.jpg same file in both client side and server side
2017-07-06 19:04:55: sync-from-server 活动/2012-03-26-xiang-shan.md same file in both client side and server side
2017-07-06 19:04:55: sync-from-server 活动/2013-09-21-encounter-talk-show.md same file in both client side and server side
2017-07-06 19:04:55: sync-from-server 活动/APAC Day of CodeRetreat回顾.md same file in both client side and server side
2017-07-06 19:04:55: sync-from-server 活动/cover.png same file in both client side and server side
2017-07-06 19:04:55: sync-from-server 活动/first-motion-night.md same file in both client side and server side
2017-07-06 19:04:55: sync-from-server 活动/GDCR 2013 深圳总结.md same file in both client side and server side
2017-07-06 19:04:55: sync-from-server 活动/ScrumGathering2013-上海站参会感受.md same file in both client side and server side
2017-07-06 19:04:55: sync-from-server 活动/ScrumGathering2013-苏州站参会感受.md same file in both client side and server side
2017-07-06 19:04:55: sync-from-server 活动/What is Code Retreat.md same file in both client side and server side
2017-07-06 19:04:55: sync-from-server 活动/深圳敏捷之旅组织者招募.md same file in both client side and server side
2017-07-06 19:04:55: sync-from-server 活动/深圳软件匠艺小组技术训练营Git入门活动回顾.md same file in both client side and server side
2017-07-06 19:04:55: sync-from-server 生活/2012-06-25-run-run.md same file in both client side and server side
2017-07-06 19:04:55: sync-from-server 生活/cover.png same file in both client side and server side
2017-07-06 19:04:55: sync-from-server 生活/danielgullo.md same file in both client side and server side
2017-07-06 19:04:55: sync-from-server 生活/first-half-marathon.md same file in both client side and server side
2017-07-06 19:04:55: sync-from-server 生活/my-first-blood-donation.md same file in both client side and server side
2017-07-06 19:04:55: sync-from-server 生活/to-wife-on-paper-wedding-day.md same file in both client side and server side
2017-07-06 19:04:55: sync-from-server 生活/what-you-see-is-what-you-expect-to-see.md same file in both client side and server side
2017-07-06 19:04:55: sync-from-server 生活/why-i-study-programming.md same file in both client side and server side
2017-07-06 19:04:55: sync-from-server 生活/去年给老婆的生日歌.md same file in both client side and server side
2017-07-06 19:04:55: sync-from-server 生活/平安夜.md same file in both client side and server side
2017-07-06 19:04:55: sync-from-server 生活/火车.md same file in both client side and server side
2017-07-06 19:04:55: sync-from-server 生活/精明的骗子.md same file in both client side and server side
2017-07-06 19:04:55: sync-from-server 生活/西安印象.md same file in both client side and server side
2017-07-06 19:04:55: sync-from-server 生活/_image/thumb_IMG_3464_1024.jpg same file in both client side and server side
2017-07-06 19:04:55: sync-from-server 生活/_image/thumb_IMG_3465_1024.jpg same file in both client side and server side
2017-07-06 19:04:55: sync-from-server 生活/_image/thumb_IMG_3466_1024.jpg same file in both client side and server side
2017-07-06 19:04:55: sync-from-server 生活/_image/thumb_IMG_3467_1024.jpg same file in both client side and server side
2017-07-06 19:04:55: sync-from-server 生活/_image/thumb_IMG_3469_1024.jpg same file in both client side and server side
2017-07-06 19:04:55: sync-from-server 生活/_image/2015-07-14/IMG_0161.jpg same file in both client side and server side
2017-07-06 19:04:55: sync-from-server 生活/_image/2015-07-14/IMG_0166.jpg same file in both client side and server side
2017-07-06 19:04:55: sync-from-server 生活/_image/2015-07-14/未命名_meitu_0.jpg same file in both client side and server side
2017-07-06 19:04:55: sync-from-server 编程/2009-02-11-sqlldr-usage.md same file in both client side and server side
2017-07-06 19:04:55: sync-from-server 编程/2009-04-22-ftp-upload-file-in-java.md same file in both client side and server side
2017-07-06 19:04:55: sync-from-server 编程/2010-03-25-code-for-making-page-colorless.md same file in both client side and server side
2017-07-06 19:04:55: sync-from-server 编程/2011-03-07-vod-with-jwplayer-and-nginx-on-windows.md same file in both client side and server side
2017-07-06 19:04:55: sync-from-server 编程/2011-12-06-thinking-about-constant-in-java.md same file in both client side and server side
2017-07-06 19:04:55: sync-from-server 编程/2012-08-13-be-careful-to-use-third-party-code.md same file in both client side and server side
2017-07-06 19:04:55: sync-from-server 编程/2013-05-05-code-kata-leap-year.md same file in both client side and server side
2017-07-06 19:04:55: sync-from-server 编程/2015-12-20-stop-using-cd-to-change-directory.md same file in both client side and server side
2017-07-06 19:04:55: sync-from-server 编程/2016-01-03-enable-https-for-codignstyle-cn.md same file in both client side and server side
2017-07-06 19:04:55: sync-from-server 编程/2016-01-23-code-mentor-introduction.md same file in both client side and server side
2017-07-06 19:04:55: sync-from-server 编程/2016-08-09-程序员一定要打字很快吗？.md same file in both client side and server side
2017-07-06 19:04:55: sync-from-server 编程/2017-01-18-functional-programming-principles-in-scala-notes-week-1.md same file in both client side and server side
2017-07-06 19:04:55: sync-from-server 编程/2017-02-18-Code-Retreat-引导者怎么做.md same file in both client side and server side
2017-07-06 19:04:55: sync-from-server 编程/cover.png same file in both client side and server side
2017-07-06 19:04:55: sync-from-server 编程/create-anki-decks-with-ack.md same file in both client side and server side
2017-07-06 19:04:55: sync-from-server 编程/how-to-study-new-technology.md same file in both client side and server side
2017-07-06 19:04:55: sync-from-server 编程/sqlite数据库迁移的几种办法.md same file in both client side and server side
2017-07-06 19:04:55: sync-from-server 编程/tdd.md same file in both client side and server side
2017-07-06 19:04:55: sync-from-server 编程/use-Rails-polymorphic.md same file in both client side and server side
2017-07-06 19:04:55: sync-from-server 编程/vim-practice-macro.md same file in both client side and server side
2017-07-06 19:04:55: sync-from-server 编程/开不好站会？因为不同阶段站会的目的不一样.md same file in both client side and server side
2017-07-06 19:04:55: sync-from-server 编程/_image/2016-11-24-14-35-39.jpg same file in both client side and server side
2017-07-06 19:04:55: sync-from-server 编程/_image/2016-11-24-15-54-53.jpg same file in both client side and server side
2017-07-06 19:04:55: sync-from-server 编程/_image/2016-11-24-15-55-36.jpg same file in both client side and server side
2017-07-06 19:04:55: sync-from-server 编程/_image/2016-11-24-15-56-20.jpg same file in both client side and server side
2017-07-06 19:04:55: sync-from-server 编程/_image/2015-12-20-stop-using-cd-to-change-directory/23-27-22.png same file in both client side and server side
2017-07-06 19:04:55: sync-from-server 编程/_image/2015-12-20-stop-using-cd-to-change-directory/23-39-43.jpg same file in both client side and server side
2017-07-06 19:04:55: sync-from-server 编程/_image/tdd/tdd cycle.jpg same file in both client side and server side
2017-07-06 19:04:55: sync-from-server 编程/Android/JavaScriptInterface.md same file in both client side and server side
2017-07-06 19:04:55: sync-from-server 编程/Android/2011-03-29-android-emulator-under-http-proxy.md same file in both client side and server side
2017-07-06 19:04:55: sync-from-server 读书/cover.png same file in both client side and server side
2017-07-06 19:04:55: sync-from-server 读书/flipped-classroom.md same file in both client side and server side
2017-07-06 19:04:55: sync-from-server 读书/我如何读书.md same file in both client side and server side
2017-07-06 19:04:55: sync-from-server 读书/读“翻译的基本知识”.md same file in both client side and server side
2017-07-06 19:04:55: sync-from-server 读书/读《Effective Unit Testing》.md same file in both client side and server side
2017-07-06 19:04:55: sync-from-server 读书/读《爱的五种语言》.md same file in both client side and server side
2017-07-06 19:04:55: sync-from-server 读书/_image/我如何读书/trello-board.png same file in both client side and server side
2017-07-06 19:04:55: sync-from-server 随笔/2012-09-03-difference-between-coder-and-manager.md same file in both client side and server side
2017-07-06 19:04:55: sync-from-server 随笔/coding-style.md same file in both client side and server side
2017-07-06 19:04:55: sync-from-server 随笔/cover.png same file in both client side and server side
2017-07-06 19:04:55: sync-from-server 随笔/升级Yosemite的常见问题.md same file in both client side and server side
2017-07-06 19:04:55: sync-from-server 随笔/实然很想学哑语.md same file in both client side and server side
2017-07-06 19:04:55: sync-from-server 随笔/桌球与敏捷.md same file in both client side and server side
2017-07-06 19:04:55: sync-from-server 随笔/_image/升级Yosemite的常见问题/Screen Shot 2014-10-19 at 10.47.20.png same file in both client side and server side
2017-07-06 19:04:55: sync-from-server 随笔/_image/升级Yosemite的常见问题/Screen Shot 2014-10-19 at 13.35.15.png same file in both client side and server side
2017-07-06 19:04:55: sync-from-server synced 309 files from server
2017-07-06 19:07:33:  start to sync now
2017-07-06 19:07:40: /Users/xbli/Documents/seabornlee/_image/2014-05-27/Screen-Shot-2014-05-27-at-22.23.42.png uploaded to server done
2017-07-06 19:07:45: /Users/xbli/Documents/seabornlee/_image/2014-05-28/09-01-30.jpg uploaded to server done
2017-07-06 19:07:47: /Users/xbli/Documents/seabornlee/_image/2014-05-28/Screen-Shot-2014-05-27-at-22.26.15.png uploaded to server done
2017-07-06 19:07:47: /Users/xbli/Documents/seabornlee/_image/2014-05-28/Screen-Shot-2014-05-28-at-9.01.22.png uploaded to server done
2017-07-06 19:07:49: /Users/xbli/Documents/seabornlee/_image/2014-08-04/08-52-02.jpg uploaded to server done
2017-07-06 19:07:52: /Users/xbli/Documents/seabornlee/_image/2014-08-04/08-52-51.jpg uploaded to server done
2017-07-06 19:07:54: /Users/xbli/Documents/seabornlee/_image/2015-10-16/6206039077900350242.jpg uploaded to server done
2017-07-06 19:07:55: /Users/xbli/Documents/seabornlee/_image/isaid/11-39-07.jpg uploaded to server done
2017-07-06 19:07:57: /Users/xbli/Documents/seabornlee/_image/isaid/22-29-25.jpg uploaded to server done
2017-07-06 19:07:59: /Users/xbli/Documents/seabornlee/_image/isaid/22-36-25.jpg uploaded to server done
2017-07-06 19:08:00: /Users/xbli/Documents/seabornlee/_image/isaid/Screen Shot 2015-02-25 at 11.53.23.png uploaded to server done
2017-07-06 19:08:00: /Users/xbli/Documents/seabornlee/configs/advanced.json uploaded to server done
2017-07-06 19:08:01: /Users/xbli/Documents/seabornlee/configs/common.json uploaded to server done
2017-07-06 19:08:02: /Users/xbli/Documents/seabornlee/info-sec/360-hacker-game.md uploaded to server done
2017-07-06 19:08:02: /Users/xbli/Documents/seabornlee/info-sec/VeryPDF PDF2Word v2.0算法分析.md uploaded to server done
2017-07-06 19:08:04: /Users/xbli/Documents/seabornlee/info-sec/爱它，就要占有它.md uploaded to server done
2017-07-06 19:08:04: /Users/xbli/Documents/seabornlee/info-sec/软件分析过程-破解XXX自学宝典.md uploaded to server done
2017-07-06 19:08:05: /Users/xbli/Documents/seabornlee/info-sec/_image update folder to server
2017-07-06 19:08:05: /Users/xbli/Documents/seabornlee/info-sec/_image/爱它，就要占有它 update folder to server
2017-07-06 19:08:06: /Users/xbli/Documents/seabornlee/info-sec/_image/软件分析过程-破解XXX自学宝典 update folder to server
2017-07-06 19:08:07: /Users/xbli/Documents/seabornlee/info-sec/_image/爱它，就要占有它/20070722_08577634ed2c5695499ebHpsXciL9xoS.jpg uploaded to server done
2017-07-06 19:08:08: /Users/xbli/Documents/seabornlee/info-sec/_image/爱它，就要占有它/20070722_18a7068d3d4ed3da8eabXByNXHvLTPMs.jpg uploaded to server done
2017-07-06 19:08:09: /Users/xbli/Documents/seabornlee/info-sec/_image/爱它，就要占有它/20070722_26ffae7cb114c8e7c845BwcVYV24OpUL.jpg uploaded to server done
2017-07-06 19:08:10: /Users/xbli/Documents/seabornlee/info-sec/_image/爱它，就要占有它/20070722_3c1c1ec32aac1f85a030WmWYi4lPeAc9.jpg uploaded to server done
2017-07-06 19:08:12: /Users/xbli/Documents/seabornlee/info-sec/_image/爱它，就要占有它/20070722_a3e8fbaa9404e9593490FjYqXbSfnlaR.jpg uploaded to server done
2017-07-06 19:08:13: /Users/xbli/Documents/seabornlee/info-sec/_image/爱它，就要占有它/20070722_be5b734ad9454bc6b836ubnILHwcZXUW.jpg uploaded to server done
2017-07-06 19:08:15: /Users/xbli/Documents/seabornlee/info-sec/_image/爱它，就要占有它/20070722_ee122e0f6c3076fb06b42byNsjp4EBXX.jpg uploaded to server done
2017-07-06 19:08:17: /Users/xbli/Documents/seabornlee/info-sec/_image/爱它，就要占有它/20070722_f3663f49f657cfe606b8XYprWJj2TCUc.jpg uploaded to server done
2017-07-06 19:08:18: /Users/xbli/Documents/seabornlee/info-sec/_image/软件分析过程-破解XXX自学宝典/20070722_16473bc4e7aaacc274d3kwysCpspBF2Z.jpg uploaded to server done
2017-07-06 19:08:19: /Users/xbli/Documents/seabornlee/info-sec/_image/软件分析过程-破解XXX自学宝典/20070722_1c534fe5c7db1ca01827Cy84KPddolaj.jpg uploaded to server done
2017-07-06 19:08:21: /Users/xbli/Documents/seabornlee/info-sec/_image/软件分析过程-破解XXX自学宝典/20070722_2ed935b9a631e6d85f2fVC5434YIf9rz.jpg uploaded to server done
2017-07-06 19:08:22: /Users/xbli/Documents/seabornlee/info-sec/_image/软件分析过程-破解XXX自学宝典/20070722_6c27aa5b4c4f0e9c2ce0RCCG2o3eM8Tu.jpg uploaded to server done
2017-07-06 19:08:25: /Users/xbli/Documents/seabornlee/info-sec/_image/软件分析过程-破解XXX自学宝典/20070722_ba04b6035ccc0d041271iwuodxuDiSTz.jpg uploaded to server done
2017-07-06 19:08:26: /Users/xbli/Documents/seabornlee/thoughtworks/the-first-anniversary.md uploaded to server done
2017-07-06 19:08:28: /Users/xbli/Documents/seabornlee/thoughtworks/cover.png uploaded to server done
2017-07-06 19:08:28: /Users/xbli/Documents/seabornlee/thoughtworks/first-week-in-thougthworks.md uploaded to server done
2017-07-06 19:08:29: /Users/xbli/Documents/seabornlee/thoughtworks/retrospective.md uploaded to server done
2017-07-06 19:08:29: /Users/xbli/Documents/seabornlee/thoughtworks/thoughtworks-application-letter.md uploaded to server done
2017-07-06 19:08:30: /Users/xbli/Documents/seabornlee/thoughtworks/thoughtworks-consultant-team.md uploaded to server done
2017-07-06 19:08:30: /Users/xbli/Documents/seabornlee/thoughtworks/thoughtworks-interview-experience-1.md uploaded to server done
2017-07-06 19:08:31: /Users/xbli/Documents/seabornlee/thoughtworks/thoughtworks-interview-experience-2.md uploaded to server done
2017-07-06 19:08:32: /Users/xbli/Documents/seabornlee/thoughtworks/为什么我只有高中学历？.md uploaded to server done
2017-07-06 19:08:32: /Users/xbli/Documents/seabornlee/thoughtworks/_image update folder to server
2017-07-06 19:08:33: /Users/xbli/Documents/seabornlee/创业/2016-01-24-product-team-organization.txt uploaded to server done
2017-07-06 19:08:33: /Users/xbli/Documents/seabornlee/创业/bad-employees-are-mirrors.md uploaded to server done
2017-07-06 19:08:34: /Users/xbli/Documents/seabornlee/创业/run-public-speaking-club-in-company.md uploaded to server done
2017-07-06 19:08:35: /Users/xbli/Documents/seabornlee/创业/self-organization-and-leadership.txt uploaded to server done
2017-07-06 19:08:35: /Users/xbli/Documents/seabornlee/创业/_image update folder to server
2017-07-06 19:08:36: /Users/xbli/Documents/seabornlee/创业/_image/2016-03-13 21-50-48.jpg uploaded to server done
2017-07-06 19:08:37: /Users/xbli/Documents/seabornlee/培养者/0-关于我.md uploaded to server done
2017-07-06 19:08:37: /Users/xbli/Documents/seabornlee/培养者/2017-02-20-软件概念解释.md uploaded to server done
2017-07-06 19:08:38: /Users/xbli/Documents/seabornlee/培养者/30 天挑战达成了，我为何还要坚持绘画练习.md uploaded to server done
2017-07-06 19:08:39: /Users/xbli/Documents/seabornlee/培养者/30 天绘画练习，我经历了这三个阶段.md uploaded to server done
2017-07-06 19:08:39: /Users/xbli/Documents/seabornlee/培养者/sync_changes.log uploaded to server done
2017-07-06 19:08:40: /Users/xbli/Documents/seabornlee/培养者/「给建议」和「提问题」的区别，记一次教练对话练习.md uploaded to server done
2017-07-06 19:08:40: /Users/xbli/Documents/seabornlee/培养者/你不是意志力差，只是不懂习惯的力量.md uploaded to server done
2017-07-06 19:08:41: /Users/xbli/Documents/seabornlee/培养者/做了这几件事，我不再感到焦虑了.md uploaded to server done
2017-07-06 19:08:42: /Users/xbli/Documents/seabornlee/培养者/只要 30 天，用幽默增加魅力值.md uploaded to server done
2017-07-06 19:08:42: /Users/xbli/Documents/seabornlee/培养者/告别低效会议，教你设计工作坊.md uploaded to server done
2017-07-06 19:08:43: /Users/xbli/Documents/seabornlee/培养者/培养习惯，我的三条心得.md uploaded to server done
2017-07-06 19:08:44: /Users/xbli/Documents/seabornlee/培养者/复盘，三倍成长速度.md uploaded to server done
2017-07-06 19:08:44: /Users/xbli/Documents/seabornlee/培养者/如何不停向自己学习.md uploaded to server done
2017-07-06 19:08:45: /Users/xbli/Documents/seabornlee/培养者/如何从「程序员」成长为「培养者」.md uploaded to server done
2017-07-06 19:08:46: /Users/xbli/Documents/seabornlee/培养者/如何培养终身学习者.md uploaded to server done
2017-07-06 19:08:46: /Users/xbli/Documents/seabornlee/培养者/如何完成认知升级和知识变现.md uploaded to server done
2017-07-06 19:08:48: /Users/xbli/Documents/seabornlee/培养者/如何成为快乐高产的程序员.md uploaded to server done
2017-07-06 19:08:49: /Users/xbli/Documents/seabornlee/培养者/如何改变习惯.md uploaded to server done
2017-07-06 19:08:49: /Users/xbli/Documents/seabornlee/培养者/如何爱上结对编程.md uploaded to server done
2017-07-06 19:08:50: /Users/xbli/Documents/seabornlee/培养者/如何理解「教练是一面镜子」.md uploaded to server done
2017-07-06 19:08:50: /Users/xbli/Documents/seabornlee/培养者/如何组织程序员集体学习活动 Code Retreat（一）.md uploaded to server done
2017-07-06 19:10:47:  start to sync now
2017-07-06 19:10:49: /Users/xbli/Documents/seabornlee/培养者/如何组织程序员集体学习活动 Code Retreat（二）.md exist on server side already
2017-07-06 19:10:55: /Users/xbli/Documents/seabornlee/培养者/如何让自己变得豁达.markdown uploaded to server done
2017-07-06 19:10:55: /Users/xbli/Documents/seabornlee/培养者/幽默是智慧溢出，逗逼是情商欠费.md uploaded to server done
2017-07-06 19:10:57: /Users/xbli/Documents/seabornlee/培养者/怎么听，对方才肯说？- 积极聆听技术简介.md uploaded to server done
2017-07-06 19:10:57: /Users/xbli/Documents/seabornlee/培养者/想成为高效的晨型人，只需做到这三点.md uploaded to server done
2017-07-06 19:10:58: /Users/xbli/Documents/seabornlee/培养者/我么如何学习-全视角学习理论.md uploaded to server done
2017-07-06 19:10:59: /Users/xbli/Documents/seabornlee/培养者/我如何读书.md uploaded to server done
2017-07-06 19:10:59: /Users/xbli/Documents/seabornlee/培养者/我的时间管理观念和技巧.md uploaded to server done
2017-07-06 19:11:00: /Users/xbli/Documents/seabornlee/培养者/我的晨间日记.md uploaded to server done
2017-07-06 19:11:00: /Users/xbli/Documents/seabornlee/培养者/新人如何快速融入团队.md uploaded to server done
2017-07-06 19:11:01: /Users/xbli/Documents/seabornlee/培养者/是时候停止找捷径了，开始练习吧.md uploaded to server done
2017-07-06 19:11:02: /Users/xbli/Documents/seabornlee/培养者/深度解读 TDD（测试驱动开发）.md uploaded to server done
2017-07-06 19:11:03: /Users/xbli/Documents/seabornlee/培养者/爱的五种语言 - 如何更好地表达爱和接受爱.md uploaded to server done
2017-07-06 19:11:03: /Users/xbli/Documents/seabornlee/培养者/知识变现，我们这样的普通人该如何参与？.md uploaded to server done
2017-07-06 19:11:04: /Users/xbli/Documents/seabornlee/培养者/离开了老师，我是这样高效学习的.md uploaded to server done
2017-07-06 19:11:04: /Users/xbli/Documents/seabornlee/培养者/续 - 如何理解「教练是一面镜子」.md uploaded to server done
2017-07-06 19:11:05: /Users/xbli/Documents/seabornlee/培养者/这两本书改变了我的职业生涯，推荐给你.md uploaded to server done
2017-07-06 19:11:06: /Users/xbli/Documents/seabornlee/培养者/重新思考 Code Retreat.md uploaded to server done
2017-07-06 19:11:06: /Users/xbli/Documents/seabornlee/培养者/重要的事情说三点 - 一种有效的思维训练.md uploaded to server done
2017-07-06 19:11:07: /Users/xbli/Documents/seabornlee/培养者/_book update folder to server
2017-07-06 19:11:07: /Users/xbli/Documents/seabornlee/培养者/_image update folder to server
2017-07-06 19:11:07: /Users/xbli/Documents/seabornlee/培养者/wechat_template update folder to server
2017-07-06 19:11:08: /Users/xbli/Documents/seabornlee/培养者/_image/2017-02-14-08-36-34.jpg uploaded to server done
2017-07-06 19:11:10: /Users/xbli/Documents/seabornlee/培养者/_image/2017-02-15-14-01-23.jpg uploaded to server done
2017-07-06 19:11:11: /Users/xbli/Documents/seabornlee/培养者/_image/2017-02-16-07-57-02.jpg uploaded to server done
2017-07-06 19:11:14: /Users/xbli/Documents/seabornlee/培养者/_image/2017-02-17-07-47-22.jpg uploaded to server done
2017-07-06 19:11:17: /Users/xbli/Documents/seabornlee/培养者/_image/2017-02-17-07-52-38.jpg uploaded to server done
2017-07-06 19:11:20: /Users/xbli/Documents/seabornlee/培养者/_image/2017-02-17-08-00-21.jpg uploaded to server done
2017-07-06 19:11:25: /Users/xbli/Documents/seabornlee/培养者/_image/2017-02-17-08-07-19.jpg uploaded to server done
2017-07-06 19:11:27: /Users/xbli/Documents/seabornlee/培养者/_image/2017-02-17-08-08-58.jpg uploaded to server done
2017-07-06 19:11:29: /Users/xbli/Documents/seabornlee/培养者/_image/2017-02-18-21-03-03.jpg uploaded to server done
2017-07-06 19:11:32: /Users/xbli/Documents/seabornlee/培养者/_image/2017-02-18-22-18-09.jpg uploaded to server done
2017-07-06 19:11:34: /Users/xbli/Documents/seabornlee/培养者/_image/2017-02-21-09-42-50.jpg uploaded to server done
2017-07-06 19:11:36: /Users/xbli/Documents/seabornlee/培养者/_image/2017-02-23-07-25-12.jpg uploaded to server done
2017-07-06 19:11:40: /Users/xbli/Documents/seabornlee/培养者/_image/2017-02-23-07-59-55.jpg uploaded to server done
2017-07-06 19:11:43: /Users/xbli/Documents/seabornlee/培养者/_image/2017-02-23-08-38-11.jpg uploaded to server done
