2016-06-22 09:36:45: sync-from-server template/archive.html same file in both client side and server side
2016-06-22 09:36:45: sync-from-server 创业/bad-employees-are-mirrors.md same file in both client side and server side
2016-06-22 09:36:45: sync-from-server site.txt same file in both client side and server side
2016-06-22 09:36:45: sync-from-server 创业/self-organization-and-leadership.txt same file in both client side and server side
2016-06-22 09:36:45: sync-from-server 成长/2014年度总结.md same file in both client side and server side
2016-06-22 09:36:45: sync-from-server 活动/What is Code Retreat.md same file in both client side and server side
2016-06-22 09:36:45: sync-from-server about.md same file in both client side and server side
2016-06-22 09:36:45: sync-from-server 编程/2013-05-05-code-kata-leap-year.md same file in both client side and server side
2016-06-22 09:36:45: sync-from-server 活动/APAC Day of CodeRetreat回顾.md same file in both client side and server side
2016-06-22 09:36:45: sync-from-server 编程/_image/2015-12-20-stop-using-cd-to-change-directory/23-27-22.png same file in both client side and server side
2016-06-22 09:36:45: sync-from-server 编程/_image/2015-12-20-stop-using-cd-to-change-directory/23-39-43.jpg same file in both client side and server side
2016-06-22 09:36:45: sync-from-server 编程/2016-01-03-enable-https-for-codignstyle-cn.md same file in both client side and server side
2016-06-22 09:36:45: sync-from-server 成长/2015年度总结.md same file in both client side and server side
2016-06-22 09:36:45: sync-from-server 编程/2016-01-23-code-mentor-introduction.md same file in both client side and server side
2016-06-22 09:36:45: sync-from-server 创业/2016-01-24-product-team-organization.txt same file in both client side and server side
2016-06-22 09:36:45: sync-from-server 创业/2016-01-29.txt same file in both client side and server side
2016-06-22 09:36:45: sync-from-server 创业/meet-terry-zhu.md same file in both client side and server side
2016-06-22 09:36:45: sync-from-server baidu_verify_d6l0IvmUEa.html same file in both client side and server side
2016-06-22 09:36:45: sync-from-server isaid.md same file in both client side and server side
2016-06-22 09:36:45: sync-from-server avatar.png same file in both client side and server side
2016-06-22 09:36:45: sync-from-server favicon.ico same file in both client side and server side
2016-06-22 09:36:45: sync-from-server robots.txt same file in both client side and server side
2016-06-22 09:36:45: sync-from-server _image/avatar.jpg same file in both client side and server side
2016-06-22 09:36:45: sync-from-server _image/2013-07-25/20-51-22.jpg same file in both client side and server side
2016-06-22 09:36:45: sync-from-server _image/2013-07-27/1.png same file in both client side and server side
2016-06-22 09:36:45: sync-from-server _image/2013-07-27/11.png same file in both client side and server side
2016-06-22 09:36:45: sync-from-server _image/2013-07-27/12.png same file in both client side and server side
2016-06-22 09:36:45: sync-from-server _image/2013-07-27/13.png same file in both client side and server side
2016-06-22 09:36:45: sync-from-server _image/2013-07-27/14.png same file in both client side and server side
2016-06-22 09:36:45: sync-from-server _image/2013-07-27/15.png same file in both client side and server side
2016-06-22 09:36:45: sync-from-server _image/2013-07-27/16.png same file in both client side and server side
2016-06-22 09:36:45: sync-from-server _image/2013-07-27/17.png same file in both client side and server side
2016-06-22 09:36:45: sync-from-server _image/2013-07-28/09-10-50.jpg same file in both client side and server side
2016-06-22 09:36:45: sync-from-server _image/2013-07-28/1c2736818fc51b436a1f4b63ddb0bf27.jpeg same file in both client side and server side
2016-06-22 09:36:45: sync-from-server _image/2013-07-28/3b0fef3da18440cf2b1d34644921782d.jpeg same file in both client side and server side
2016-06-22 09:36:45: sync-from-server _image/2013-07-30/18-55-47.jpg same file in both client side and server side
2016-06-22 09:36:45: sync-from-server _image/2013-07-31/22-50-17.jpg same file in both client side and server side
2016-06-22 09:36:45: sync-from-server _image/2013-07-31/Screen-Shot-2013-07-31-at-10.28.01-AM.png same file in both client side and server side
2016-06-22 09:36:45: sync-from-server _image/2013-07-31/Screen-Shot-2013-07-31-at-10.57.24-AM.png same file in both client side and server side
2016-06-22 09:36:45: sync-from-server _image/2013-07-31/Screen-Shot-2013-07-31-at-12.17.45-PM.png same file in both client side and server side
2016-06-22 09:36:45: sync-from-server _image/2013-08-01/12-26-41.jpg same file in both client side and server side
2016-06-22 09:36:45: sync-from-server _image/2013-08-02/10-14-57.jpg same file in both client side and server side
2016-06-22 09:36:45: sync-from-server _image/2013-08-02/Screen-Shot-2013-08-02-at-1.04.33-PM.png same file in both client side and server side
2016-06-22 09:36:45: sync-from-server _image/2013-08-02/Screen-Shot-2013-08-02-at-1.05.25-PM.png same file in both client side and server side
2016-06-22 09:36:45: sync-from-server _image/2013-08-02/Screen-Shot-2013-08-02-at-1.40.05-PM.png same file in both client side and server side
2016-06-22 09:36:45: sync-from-server _image/2013-08-02/Screen-Shot-2013-08-02-at-6.25.19-PM.png same file in both client side and server side
2016-06-22 09:36:45: sync-from-server _image/2013-08-05/Screen-Shot-2013-08-05-at-4.14.40-PM.png same file in both client side and server side
2016-06-22 09:36:45: sync-from-server _image/2013-08-05/Screen-Shot-2013-08-05-at-6.00.22-PM.png same file in both client side and server side
2016-06-22 09:36:45: sync-from-server _image/2013-08-07/08-18-56.jpg same file in both client side and server side
2016-06-22 09:36:45: sync-from-server _image/2013-08-25/22-05-30.jpg same file in both client side and server side
2016-06-22 09:36:45: sync-from-server _image/2013-10-20/IMG_3316.jpg same file in both client side and server side
2016-06-22 09:36:45: sync-from-server _image/2013-11-08/Screen-Shot-2013-11-08-at-11.39.17-AM.png same file in both client side and server side
2016-06-22 09:36:45: sync-from-server _image/2013-12-25/IMG_20131224_171330.jpg same file in both client side and server side
2016-06-22 09:36:45: sync-from-server _image/2013-12-25/Screen-Shot-2013-12-25-at-8.29.25-AM.png same file in both client side and server side
2016-06-22 09:36:45: sync-from-server _image/2014-01-01/IMG_3227.JPG same file in both client side and server side
2016-06-22 09:36:45: sync-from-server _image/2014-01-01/psb.png same file in both client side and server side
2016-06-22 09:36:45: sync-from-server _image/2014-01-01/Screen-Shot-2014-01-01-at-5.26.56-PM.png same file in both client side and server side
2016-06-22 09:36:45: sync-from-server _image/2014-01-01/Screen-Shot-2014-01-01-at-6.47.27-PM.png same file in both client side and server side
2016-06-22 09:36:45: sync-from-server _image/2014-01-01/Screen-Shot-2014-01-01-at-6.48.53-PM.png same file in both client side and server side
2016-06-22 09:36:45: sync-from-server _image/2014-01-01/Screen-Shot-2014-01-01-at-6.49.33-PM.png same file in both client side and server side
2016-06-22 09:36:45: sync-from-server _image/2014-01-01/Screen-Shot-2014-01-01-at-6.50.11-PM.png same file in both client side and server side
2016-06-22 09:36:45: sync-from-server _image/2014-01-01/Screen-Shot-2014-01-01-at-6.50.56-PM.png same file in both client side and server side
2016-06-22 09:36:45: sync-from-server _image/2014-01-01/Screen-Shot-2014-01-01-at-6.58.00-PM.png same file in both client side and server side
2016-06-22 09:36:45: sync-from-server _image/2014-01-01/Screen-Shot-2014-01-01-at-6.58.32-PM.png same file in both client side and server side
2016-06-22 09:36:45: sync-from-server _image/2014-01-01/Screen-Shot-2014-01-01-at-6.59.42-PM.png same file in both client side and server side
2016-06-22 09:36:45: sync-from-server _image/2014-01-02/Screenshot_2014-01-01-08-19-16.png same file in both client side and server side
2016-06-22 09:36:45: sync-from-server _image/2014-03-20/photo.JPG same file in both client side and server side
2016-06-22 09:36:45: sync-from-server _image/2014-03-23/IMG_5134.JPG same file in both client side and server side
2016-06-22 09:36:45: sync-from-server _image/2014-03-27/photo-2.JPG same file in both client side and server side
2016-06-22 09:36:45: sync-from-server _image/2014-05-06/07-25-26.jpg same file in both client side and server side
2016-06-22 09:36:45: sync-from-server _image/2014-05-06/08-06-19.jpg same file in both client side and server side
2016-06-22 09:36:45: sync-from-server _image/2014-05-06/08-54-47.jpg same file in both client side and server side
2016-06-22 09:36:45: sync-from-server _image/2014-05-06/09-09-19.jpg same file in both client side and server side
2016-06-22 09:36:45: sync-from-server _image/2014-05-06/360-result.png same file in both client side and server side
2016-06-22 09:36:45: sync-from-server _image/2014-05-06/594sgk.png same file in both client side and server side
2016-06-22 09:36:45: sync-from-server _image/2014-05-09/08-32-50.jpg same file in both client side and server side
2016-06-22 09:36:45: sync-from-server _image/2014-05-09/08-35-33.jpg same file in both client side and server side
2016-06-22 09:36:45: sync-from-server _image/2014-05-11/14-52-18.jpg same file in both client side and server side
2016-06-22 09:36:45: sync-from-server _image/2014-05-11/14-54-46.jpg same file in both client side and server side
2016-06-22 09:36:45: sync-from-server _image/2014-05-11/19-00-59.jpg same file in both client side and server side
2016-06-22 09:36:45: sync-from-server _image/2014-05-11/22-00-34.jpg same file in both client side and server side
2016-06-22 09:36:45: sync-from-server _image/2014-05-11/22-47-48.jpg same file in both client side and server side
2016-06-22 09:36:45: sync-from-server _image/2014-05-12/07-58-38.jpg same file in both client side and server side
2016-06-22 09:36:45: sync-from-server _image/2014-05-25/IMG_5287.JPG same file in both client side and server side
2016-06-22 09:36:45: sync-from-server _image/2014-05-27/22-23-59.jpg same file in both client side and server side
2016-06-22 09:36:45: sync-from-server _image/2014-05-27/22-26-36.jpg same file in both client side and server side
2016-06-22 09:36:45: sync-from-server _image/2014-05-27/22-46-22.jpg same file in both client side and server side
2016-06-22 09:36:45: sync-from-server _image/2014-05-27/23-23-01.jpg same file in both client side and server side
2016-06-22 09:36:45: sync-from-server _image/2014-05-27/Screen-Shot-2014-05-27-at-21.56.09.png same file in both client side and server side
2016-06-22 09:36:45: sync-from-server _image/2014-05-27/Screen-Shot-2014-05-27-at-22.23.42.png same file in both client side and server side
2016-06-22 09:36:45: sync-from-server _image/2014-05-28/09-01-30.jpg same file in both client side and server side
2016-06-22 09:36:45: sync-from-server _image/2014-05-28/Screen-Shot-2014-05-27-at-22.26.15.png same file in both client side and server side
2016-06-22 09:36:45: sync-from-server _image/2014-05-28/Screen-Shot-2014-05-28-at-9.01.22.png same file in both client side and server side
2016-06-22 09:36:45: sync-from-server _image/2014-08-04/08-52-02.jpg same file in both client side and server side
2016-06-22 09:36:45: sync-from-server _image/2014-08-04/08-52-51.jpg same file in both client side and server side
2016-06-22 09:36:45: sync-from-server _image/2015-10-16/6206039077900350242.jpg same file in both client side and server side
2016-06-22 09:36:45: sync-from-server _image/isaid/11-39-07.jpg same file in both client side and server side
2016-06-22 09:36:45: sync-from-server _image/isaid/22-29-25.jpg same file in both client side and server side
2016-06-22 09:36:45: sync-from-server _image/isaid/22-36-25.jpg same file in both client side and server side
2016-06-22 09:36:45: sync-from-server _image/isaid/Screen Shot 2015-02-25 at 11.53.23.png same file in both client side and server side
2016-06-22 09:36:45: sync-from-server info-sec/软件分析过程-破解XXX自学宝典.md same file in both client side and server side
2016-06-22 09:36:45: sync-from-server info-sec/_image/爱它，就要占有它/20070722_08577634ed2c5695499ebHpsXciL9xoS.jpg same file in both client side and server side
2016-06-22 09:36:45: sync-from-server info-sec/_image/爱它，就要占有它/20070722_18a7068d3d4ed3da8eabXByNXHvLTPMs.jpg same file in both client side and server side
2016-06-22 09:36:45: sync-from-server info-sec/_image/爱它，就要占有它/20070722_26ffae7cb114c8e7c845BwcVYV24OpUL.jpg same file in both client side and server side
2016-06-22 09:36:45: sync-from-server info-sec/_image/爱它，就要占有它/20070722_3c1c1ec32aac1f85a030WmWYi4lPeAc9.jpg same file in both client side and server side
2016-06-22 09:36:45: sync-from-server info-sec/_image/爱它，就要占有它/20070722_a3e8fbaa9404e9593490FjYqXbSfnlaR.jpg same file in both client side and server side
2016-06-22 09:36:45: sync-from-server info-sec/_image/爱它，就要占有它/20070722_be5b734ad9454bc6b836ubnILHwcZXUW.jpg same file in both client side and server side
2016-06-22 09:36:45: sync-from-server info-sec/_image/爱它，就要占有它/20070722_ee122e0f6c3076fb06b42byNsjp4EBXX.jpg same file in both client side and server side
2016-06-22 09:36:45: sync-from-server info-sec/_image/爱它，就要占有它/20070722_f3663f49f657cfe606b8XYprWJj2TCUc.jpg same file in both client side and server side
2016-06-22 09:36:45: sync-from-server info-sec/_image/软件分析过程-破解XXX自学宝典/20070722_16473bc4e7aaacc274d3kwysCpspBF2Z.jpg same file in both client side and server side
2016-06-22 09:36:45: sync-from-server info-sec/_image/软件分析过程-破解XXX自学宝典/20070722_1c534fe5c7db1ca01827Cy84KPddolaj.jpg same file in both client side and server side
2016-06-22 09:36:45: sync-from-server info-sec/_image/软件分析过程-破解XXX自学宝典/20070722_2ed935b9a631e6d85f2fVC5434YIf9rz.jpg same file in both client side and server side
2016-06-22 09:36:45: sync-from-server info-sec/_image/软件分析过程-破解XXX自学宝典/20070722_6c27aa5b4c4f0e9c2ce0RCCG2o3eM8Tu.jpg same file in both client side and server side
2016-06-22 09:36:45: sync-from-server info-sec/_image/软件分析过程-破解XXX自学宝典/20070722_ba04b6035ccc0d041271iwuodxuDiSTz.jpg same file in both client side and server side
2016-06-22 09:36:45: sync-from-server template/base.html same file in both client side and server side
2016-06-22 09:36:45: sync-from-server template/categories.html same file in both client side and server side
2016-06-22 09:36:45: sync-from-server template/category.html same file in both client side and server side
2016-06-22 09:36:45: sync-from-server template/configs.html same file in both client side and server side
2016-06-22 09:36:45: sync-from-server template/file.html same file in both client side and server side
2016-06-22 09:36:45: sync-from-server template/folder.html same file in both client side and server side
2016-06-22 09:36:45: sync-from-server template/index.html same file in both client side and server side
2016-06-22 09:36:45: sync-from-server template/markdown.html same file in both client side and server side
2016-06-22 09:36:45: sync-from-server template/post.html same file in both client side and server side
2016-06-22 09:36:45: sync-from-server template/tags.html same file in both client side and server side
2016-06-22 09:36:45: sync-from-server template/template-readme.html same file in both client side and server side
2016-06-22 09:36:45: sync-from-server template/view.html same file in both client side and server side
2016-06-22 09:36:45: sync-from-server template/css/codehighlight.css same file in both client side and server side
2016-06-22 09:36:45: sync-from-server template/css/screen.css same file in both client side and server side
2016-06-22 09:36:45: sync-from-server template/css/style.css same file in both client side and server side
2016-06-22 09:36:45: sync-from-server template/errors/error_base.html same file in both client side and server side
2016-06-22 09:36:45: sync-from-server template/font/fontawesome-webfont.eot same file in both client side and server side
2016-06-22 09:36:45: sync-from-server template/font/fontawesome-webfont.svg same file in both client side and server side
2016-06-22 09:36:45: sync-from-server template/font/fontawesome-webfont.ttf same file in both client side and server side
2016-06-22 09:36:45: sync-from-server template/font/fontawesome-webfont.woff same file in both client side and server side
2016-06-22 09:36:45: sync-from-server template/font/FontAwesome.otf same file in both client side and server side
2016-06-22 09:36:45: sync-from-server template/images/cursor/next.png same file in both client side and server side
2016-06-22 09:36:45: sync-from-server template/images/cursor/pre.png same file in both client side and server side
2016-06-22 09:36:45: sync-from-server template/images/social/delicious.png same file in both client side and server side
2016-06-22 09:36:45: sync-from-server template/images/social/douban.png same file in both client side and server side
2016-06-22 09:36:45: sync-from-server template/images/social/facebook.png same file in both client side and server side
2016-06-22 09:36:45: sync-from-server template/images/social/fanfou.png same file in both client side and server side
2016-06-22 09:36:45: sync-from-server template/images/social/github.png same file in both client side and server side
2016-06-22 09:36:45: sync-from-server template/images/social/google.png same file in both client side and server side
2016-06-22 09:36:45: sync-from-server template/images/social/instagram.png same file in both client side and server side
2016-06-22 09:36:45: sync-from-server template/images/social/linkedin.png same file in both client side and server side
2016-06-22 09:36:45: sync-from-server template/images/social/pinboard.png same file in both client side and server side
2016-06-22 09:36:45: sync-from-server template/images/social/pinterest.png same file in both client side and server side
2016-06-22 09:36:45: sync-from-server template/images/social/postach.png same file in both client side and server side
2016-06-22 09:36:45: sync-from-server template/images/social/qq.png same file in both client side and server side
2016-06-22 09:36:45: sync-from-server template/images/social/rss.png same file in both client side and server side
2016-06-22 09:36:45: sync-from-server template/images/social/twitter.png same file in both client side and server side
2016-06-22 09:36:45: sync-from-server template/images/social/weibo.png same file in both client side and server side
2016-06-22 09:36:45: sync-from-server template/images/social/zhihu.png same file in both client side and server side
2016-06-22 09:36:45: sync-from-server template/include/files_list.html same file in both client side and server side
2016-06-22 09:36:45: sync-from-server template/include/footer.html same file in both client side and server side
2016-06-22 09:36:45: sync-from-server template/include/paginator.html same file in both client side and server side
2016-06-22 09:36:45: sync-from-server template/js/ga.js same file in both client side and server side
2016-06-22 09:36:45: sync-from-server thoughtworks/cover.png same file in both client side and server side
2016-06-22 09:36:45: sync-from-server thoughtworks/thoughtworks-interview-experience-1.md same file in both client side and server side
2016-06-22 09:36:45: sync-from-server 成长/2012-02-21-let-us-start-a-group.md same file in both client side and server side
2016-06-22 09:36:45: sync-from-server 成长/2012-12-04-help-you-growing-by-reading.md same file in both client side and server side
2016-06-22 09:36:45: sync-from-server 成长/cover.png same file in both client side and server side
2016-06-22 09:36:45: sync-from-server 成长/_image/2014年度总结/2014 大事.png same file in both client side and server side
2016-06-22 09:36:45: sync-from-server 成长/_image/Mac OS，iOS应用推荐/2014 大事.png same file in both client side and server side
2016-06-22 09:36:45: sync-from-server 我的相册/MadeByPaper53/IMG_0146.PNG same file in both client side and server side
2016-06-22 09:36:45: sync-from-server 我的相册/MadeByPaper53/IMG_5254.JPG same file in both client side and server side
2016-06-22 09:36:45: sync-from-server 我的相册/Scrum Gathering/2013-06-29 16.21.16.jpg same file in both client side and server side
2016-06-22 09:36:45: sync-from-server 我的相册/Scrum Gathering/2013-06-29 17.41.21.jpg same file in both client side and server side
2016-06-22 09:36:45: sync-from-server 我的相册/Scrum Gathering/7930dc1ejw1e65ch67tsjj218g0xc14n.jpg same file in both client side and server side
2016-06-22 09:36:45: sync-from-server 我的相册/Scrum Gathering/DSC_0037.JPG same file in both client side and server side
2016-06-22 09:36:45: sync-from-server 我的相册/Scrum Gathering/橙色风暴.jpg same file in both client side and server side
2016-06-22 09:36:45: sync-from-server 我的相册/Scrum Gathering/送手工包给Carol.JPG same file in both client side and server side
2016-06-22 09:36:45: sync-from-server 我的相册/Scrum Gathering/送手工包给Mary.jpg same file in both client side and server side
2016-06-22 09:36:45: sync-from-server 我的相册/ThoughtWorks/唱着小曲儿去报道.jpg same file in both client side and server side
2016-06-22 09:36:45: sync-from-server 我的相册/上海/2013-07-04 20.51.08.jpg same file in both client side and server side
2016-06-22 09:36:45: sync-from-server 我的相册/上海/外滩.jpg same file in both client side and server side
2016-06-22 09:36:45: sync-from-server 我的相册/上海/是南京路吧.jpg same file in both client side and server side
2016-06-22 09:36:45: sync-from-server 我的相册/上海/超好吃.jpg same file in both client side and server side
2016-06-22 09:36:45: sync-from-server 我的相册/南戴河/其实我是坐票.jpg same file in both client side and server side
2016-06-22 09:36:45: sync-from-server 我的相册/南戴河/海盗抢了个美女.jpg same file in both client side and server side
2016-06-22 09:36:45: sync-from-server 我的相册/截图/IntelliJ.gif same file in both client side and server side
2016-06-22 09:36:45: sync-from-server 我的相册/神码/2013-04-28 15.02.42.jpg same file in both client side and server side
2016-06-22 09:36:45: sync-from-server 我的相册/神码/为实习生“吴教授”送行.jpg same file in both client side and server side
2016-06-22 09:36:45: sync-from-server 我的相册/神码/入模子.jpg same file in both client side and server side
2016-06-22 09:36:45: sync-from-server 我的相册/神码/大连海滩.jpg same file in both client side and server side
2016-06-22 09:36:45: sync-from-server 我的相册/神码/天津之行.jpg same file in both client side and server side
2016-06-22 09:36:45: sync-from-server 我的相册/神码/小伙儿们来帮我搬家.jpg same file in both client side and server side
2016-06-22 09:36:45: sync-from-server 我的相册/神码/年轻的团队.jpg same file in both client side and server side
2016-06-22 09:36:45: sync-from-server 我的相册/神码/成都旅游和老朋友相聚.jpg same file in both client side and server side
2016-06-22 09:36:45: sync-from-server 我的相册/神码/摆拍.jpg same file in both client side and server side
2016-06-22 09:36:45: sync-from-server 我的相册/神码/百望山团队建设.jpg same file in both client side and server side
2016-06-22 09:36:45: sync-from-server 我的相册/神码/盛装年会.jpg same file in both client side and server side
2016-06-22 09:36:45: sync-from-server 我的相册/速写/一把剪刀.jpg same file in both client side and server side
2016-06-22 09:36:45: sync-from-server 我的相册/速写/书桌.jpg same file in both client side and server side
2016-06-22 09:36:45: sync-from-server got 我的相册/速写/加油.jpg from server
2016-06-22 09:36:45: sync-from-server got 我的相册/速写/半杯水.jpg from server
2016-06-22 09:36:45: sync-from-server got 我的相册/速写/卖萌.jpg from server
2016-06-22 09:36:45: sync-from-server got 我的相册/速写/吃货.jpg from server
2016-06-22 09:36:45: sync-from-server got 我的相册/速写/天津之眼.jpg from server
2016-06-22 09:36:45: sync-from-server got 我的相册/速写/奶牛.jpg from server
2016-06-22 09:36:45: sync-from-server got 我的相册/速写/小丸子.jpg from server
2016-06-22 09:36:45: sync-from-server got 我的相册/速写/小盆栽.jpg from server
2016-06-22 09:36:45: sync-from-server got 我的相册/速写/微博首页上的一个广告.jpg from server
2016-06-22 09:36:45: sync-from-server got 我的相册/速写/成都旅游时住的酒店.jpg from server
2016-06-22 09:36:45: sync-from-server got 我的相册/速写/成都旅游时，同事拍的照片，没画完.jpg from server
2016-06-22 09:36:45: sync-from-server got 我的相册/速写/本来想画自己的，太不像了.jpg from server
2016-06-22 09:36:45: sync-from-server got 我的相册/速写/杂志上的情侣.jpg from server
2016-06-22 09:36:45: sync-from-server got 我的相册/速写/梦游娃娃.jpg from server
2016-06-22 09:36:45: sync-from-server got 我的相册/速写/沙滩.jpg from server
2016-06-22 09:36:45: sync-from-server got 我的相册/速写/猪头.jpg from server
2016-06-22 09:36:45: sync-from-server got 我的相册/速写/留着口水的吃货.jpg from server
2016-06-22 09:36:45: sync-from-server got 我的相册/速写/练武术的老头儿.jpg from server
2016-06-22 09:36:45: sync-from-server got 我的相册/速写/老头儿.jpg from server
2016-06-22 09:36:45: sync-from-server got 我的相册/速写/色狼.jpg from server
2016-06-22 09:36:45: sync-from-server got 我的相册/速写/萌太奇.jpg from server
2016-06-22 09:36:45: sync-from-server got 我的相册/速写/这张是倒着画成的，从《五天学会绘画》上学的.jpg from server
2016-06-22 09:36:45: sync-from-server got 我的相册/速写/酷酷的OL.jpg from server
2016-06-22 09:36:45: sync-from-server got 我的相册/速写/食品包装.jpg from server
2016-06-22 09:36:45: sync-from-server got 活动/ScrumGathering2013-上海站参会感受.md from server
2016-06-22 09:36:45: sync-from-server got 生活/first-half-marathon.md from server
2016-06-22 09:36:45: sync-from-server got 生活/my-first-blood-donation.md from server
2016-06-22 09:36:45: sync-from-server got 生活/to-wife-on-paper-wedding-day.md from server
2016-06-22 09:36:45: sync-from-server got 生活/平安夜.md from server
2016-06-22 09:36:45: sync-from-server got 生活/精明的骗子.md from server
2016-06-22 09:36:45: sync-from-server got 生活/_image/2015-07-14/IMG_0161.jpg from server
2016-06-22 09:36:45: sync-from-server got 生活/_image/2015-07-14/IMG_0166.jpg from server
2016-06-22 09:36:45: sync-from-server got 生活/_image/2015-07-14/未命名_meitu_0.jpg from server
2016-06-22 09:36:45: sync-from-server got 编程/2011-03-07-vod-with-jwplayer-and-nginx-on-windows.md from server
2016-06-22 09:36:45: sync-from-server got 编程/2011-12-06-thinking-about-constant-in-java.md from server
2016-06-22 09:36:45: sync-from-server got 编程/2015-12-20-stop-using-cd-to-change-directory.md from server
2016-06-22 09:36:45: sync-from-server got 编程/how-to-study-new-technology.md from server
2016-06-22 09:36:45: sync-from-server got 编程/_image/tdd/tdd cycle.jpg from server
2016-06-22 09:36:45: sync-from-server got 读书/读“翻译的基本知识”.md from server
2016-06-22 09:36:45: sync-from-server got 读书/_image/我如何读书/trello-board.png from server
2016-06-22 09:36:45: sync-from-server got 随笔/2012-09-03-difference-between-coder-and-manager.md from server
2016-06-22 09:36:45: sync-from-server got 创业/_image/2016-03-13 21-50-48.jpg from server
2016-06-22 09:36:45: sync-from-server got 创业/run-public-speaking-club-in-company.md from server
2016-06-22 09:36:45: sync-from-server synced 314 files from server
2016-06-22 09:43:05:  start to sync now
2016-06-22 09:43:08: /Users/xbli/百度云同步盘/Blog/template update folder to server
2016-06-22 09:43:13: /Users/xbli/百度云同步盘/Blog/创业 update folder to server
2016-06-22 09:43:19: /Users/xbli/百度云同步盘/Blog/成长 update folder to server
2016-06-22 09:43:24: /Users/xbli/百度云同步盘/Blog/活动 update folder to server
2016-06-22 09:43:30: /Users/xbli/百度云同步盘/Blog/编程 update folder to server
2016-06-22 09:43:35: /Users/xbli/百度云同步盘/Blog/template/css update folder to server
2016-06-22 09:43:41: /Users/xbli/百度云同步盘/Blog/template/errors update folder to server
2016-06-22 09:43:46: /Users/xbli/百度云同步盘/Blog/template/font update folder to server
2016-06-22 09:44:07: /Users/xbli/百度云同步盘/Blog/template/images/cursor update folder to server
2016-06-22 09:44:13: /Users/xbli/百度云同步盘/Blog/template/images/social update folder to server
2016-06-22 09:44:24: /Users/xbli/百度云同步盘/Blog/生活/西安印象.md uploaded to server done
2016-06-22 09:44:35: /Users/xbli/百度云同步盘/Blog/生活/西安印象_20160622093808.md uploaded to server done
