2017-07-06 14:15:43:  start to sync now
2017-07-06 14:15:46: /Users/xbli/Documents/Blog/培养者/0-关于我.md uploaded
2017-07-06 14:15:46: /Users/xbli/Documents/Blog/培养者/2017-02-20-软件概念解释.md uploaded
2017-07-06 14:15:47: /Users/xbli/Documents/Blog/培养者/30 天挑战达成了，我为何还要坚持绘画练习.md uploaded
2017-07-06 14:15:48: /Users/xbli/Documents/Blog/培养者/30 天绘画练习，我经历了这三个阶段.md uploaded
2017-07-06 14:15:48: /Users/xbli/Documents/Blog/培养者/「给建议」和「提问题」的区别，记一次教练对话练习.md uploaded
2017-07-06 14:15:49: /Users/xbli/Documents/Blog/培养者/你不是意志力差，只是不懂习惯的力量.md uploaded
2017-07-06 14:15:49: /Users/xbli/Documents/Blog/培养者/做了这几件事，我不再感到焦虑了.md uploaded
2017-07-06 14:15:50: /Users/xbli/Documents/Blog/培养者/全面解析重构.md uploaded
2017-07-06 14:15:51: /Users/xbli/Documents/Blog/培养者/只要 30 天，用幽默增加魅力值.md uploaded
2017-07-06 14:15:51: /Users/xbli/Documents/Blog/培养者/告别低效会议，教你设计工作坊.md uploaded
2017-07-06 14:15:52: /Users/xbli/Documents/Blog/培养者/培养习惯，我的三条心得.md uploaded
2017-07-06 14:15:52: /Users/xbli/Documents/Blog/培养者/复盘，三倍成长速度.md uploaded
2017-07-06 14:15:53: /Users/xbli/Documents/Blog/培养者/如何不停向自己学习.md uploaded
2017-07-06 14:15:54: /Users/xbli/Documents/Blog/培养者/如何从「程序员」成长为「培养者」.md uploaded
2017-07-06 14:15:54: /Users/xbli/Documents/Blog/培养者/如何培养终身学习者.md uploaded
2017-07-06 14:15:55: /Users/xbli/Documents/Blog/培养者/如何完成认知升级和知识变现.md uploaded
2017-07-06 14:15:55: /Users/xbli/Documents/Blog/培养者/如何改变习惯.md uploaded
2017-07-06 14:15:56: /Users/xbli/Documents/Blog/培养者/如何爱上结对编程.md uploaded
2017-07-06 14:15:57: /Users/xbli/Documents/Blog/培养者/如何理解「教练是一面镜子」.md uploaded
2017-07-06 14:15:57: /Users/xbli/Documents/Blog/培养者/如何组织程序员集体学习活动 Code Retreat（一）.md uploaded
2017-07-06 14:15:58: /Users/xbli/Documents/Blog/培养者/如何组织程序员集体学习活动 Code Retreat（二）.md uploaded
2017-07-06 14:15:58: /Users/xbli/Documents/Blog/培养者/如何让自己变得豁达.markdown uploaded
2017-07-06 14:15:59: /Users/xbli/Documents/Blog/培养者/幽默是智慧溢出，逗逼是情商欠费.md uploaded
2017-07-06 14:15:59: /Users/xbli/Documents/Blog/培养者/怎么听，对方才肯说？- 积极聆听技术简介.md uploaded
2017-07-06 14:16:00: /Users/xbli/Documents/Blog/培养者/想成为高效的晨型人，只需做到这三点.md uploaded
2017-07-06 14:16:01: /Users/xbli/Documents/Blog/培养者/我么如何学习-全视角学习理论.md uploaded
2017-07-06 14:16:01: /Users/xbli/Documents/Blog/培养者/我如何读书.md uploaded
2017-07-06 14:16:02: /Users/xbli/Documents/Blog/培养者/我的时间管理观念和技巧.md uploaded
2017-07-06 14:16:02: /Users/xbli/Documents/Blog/培养者/我的晨间日记.md uploaded
2017-07-06 14:16:03: /Users/xbli/Documents/Blog/培养者/新人如何快速融入团队.md uploaded
2017-07-06 14:16:03: /Users/xbli/Documents/Blog/培养者/时间管理 - 如何成为快乐的程序员.md uploaded
2017-07-06 14:16:04: /Users/xbli/Documents/Blog/培养者/是时候停止找捷径了，开始练习吧.md uploaded
2017-07-06 14:16:05: /Users/xbli/Documents/Blog/培养者/深度解读 TDD（测试驱动开发）.md uploaded
2017-07-06 14:16:05: /Users/xbli/Documents/Blog/培养者/爱的五种语言 - 如何更好地表达爱和接受爱.md uploaded
2017-07-06 14:16:06: /Users/xbli/Documents/Blog/培养者/知识变现，我们这样的普通人该如何参与？.md uploaded
2017-07-06 14:16:07: /Users/xbli/Documents/Blog/培养者/离开了老师，我是这样高效学习的.md uploaded
2017-07-06 14:16:07: /Users/xbli/Documents/Blog/培养者/续 - 如何理解「教练是一面镜子」.md uploaded
2017-07-06 14:16:08: /Users/xbli/Documents/Blog/培养者/这两本书改变了我的职业生涯，推荐给你.md uploaded
2017-07-06 14:16:08: /Users/xbli/Documents/Blog/培养者/重新思考 Code Retreat.md uploaded
2017-07-06 14:16:09: /Users/xbli/Documents/Blog/培养者/重要的事情说三点 - 一种有效的思维训练.md uploaded
2017-07-06 14:16:09: /Users/xbli/Documents/Blog/培养者/_image upload but no file exist or not a file
2017-07-06 14:16:10: /Users/xbli/Documents/Blog/培养者/_image/2017-02-14-08-36-34.jpg uploaded
2017-07-06 14:16:10: /Users/xbli/Documents/Blog/培养者/_image/2017-02-15-14-01-23.jpg uploaded
2017-07-06 14:16:11: /Users/xbli/Documents/Blog/培养者/_image/2017-02-16-07-57-02.jpg uploaded
2017-07-06 14:16:11: /Users/xbli/Documents/Blog/培养者/_image/2017-02-17-07-47-22.jpg uploaded
2017-07-06 14:16:12: /Users/xbli/Documents/Blog/培养者/_image/2017-02-17-07-52-38.jpg uploaded
2017-07-06 14:16:13: /Users/xbli/Documents/Blog/培养者/_image/2017-02-17-08-00-21.jpg uploaded
2017-07-06 14:16:15: /Users/xbli/Documents/Blog/培养者/_image/2017-02-17-08-07-19.jpg uploaded
2017-07-06 14:16:16: /Users/xbli/Documents/Blog/培养者/_image/2017-02-17-08-08-58.jpg uploaded
2017-07-06 14:16:17: /Users/xbli/Documents/Blog/培养者/_image/2017-02-18-21-03-03.jpg uploaded
2017-07-06 14:16:18: /Users/xbli/Documents/Blog/培养者/_image/2017-02-18-22-18-09.jpg uploaded
2017-07-06 14:16:19: /Users/xbli/Documents/Blog/培养者/_image/2017-02-21-09-42-50.jpg uploaded
2017-07-06 14:16:19: /Users/xbli/Documents/Blog/培养者/_image/2017-02-23-07-25-12.jpg uploaded
2017-07-06 14:16:20: /Users/xbli/Documents/Blog/培养者/_image/2017-02-23-07-59-55.jpg uploaded
2017-07-06 14:16:21: /Users/xbli/Documents/Blog/培养者/_image/2017-02-23-08-38-11.jpg uploaded
2017-07-06 14:16:21: /Users/xbli/Documents/Blog/培养者/_image/2017-02-24-06-49-34.jpg uploaded
2017-07-06 14:16:22: /Users/xbli/Documents/Blog/培养者/_image/2017-02-24-07-55-59.jpg uploaded
2017-07-06 14:16:23: /Users/xbli/Documents/Blog/培养者/_image/2017-02-25-07-21-05.jpg uploaded
2017-07-06 14:16:23: /Users/xbli/Documents/Blog/培养者/_image/2017-02-25-07-23-51.jpg uploaded
2017-07-06 14:16:24: /Users/xbli/Documents/Blog/培养者/_image/2017-02-25-07-40-21.jpg uploaded
2017-07-06 14:16:25: /Users/xbli/Documents/Blog/培养者/_image/2017-02-25-07-41-59.jpg uploaded
2017-07-06 14:16:26: /Users/xbli/Documents/Blog/培养者/_image/2017-02-26-23-17-40.jpg uploaded
2017-07-06 14:16:27: /Users/xbli/Documents/Blog/培养者/_image/2017-02-27-21-22-03.jpg uploaded
2017-07-06 14:16:27: /Users/xbli/Documents/Blog/培养者/_image/2017-02-27-21-25-52.jpg uploaded
2017-07-06 14:16:28: /Users/xbli/Documents/Blog/培养者/_image/2017-02-27-21-28-51.jpg uploaded
2017-07-06 14:16:29: /Users/xbli/Documents/Blog/培养者/_image/2017-02-27-21-36-57.jpg uploaded
2017-07-06 14:16:30: /Users/xbli/Documents/Blog/培养者/_image/2017-02-27-21-45-51.jpg uploaded
2017-07-06 14:16:31: /Users/xbli/Documents/Blog/培养者/_image/2017-02-27-22-08-32.jpg uploaded
2017-07-06 14:16:32: /Users/xbli/Documents/Blog/培养者/_image/2017-03-01-08-40-37.jpg uploaded
2017-07-06 14:16:32: /Users/xbli/Documents/Blog/培养者/_image/2017-03-01-08-44-27.jpg uploaded
2017-07-06 14:16:33: /Users/xbli/Documents/Blog/培养者/_image/2017-03-01-08-45-34.jpg uploaded
2017-07-06 14:16:34: /Users/xbli/Documents/Blog/培养者/_image/2017-03-02-07-52-15.jpg uploaded
2017-07-06 14:16:35: /Users/xbli/Documents/Blog/培养者/_image/2017-03-02-08-12-25.jpg uploaded
2017-07-06 14:16:35: /Users/xbli/Documents/Blog/培养者/_image/2017-03-02-08-15-54.jpg uploaded
2017-07-06 14:16:36: /Users/xbli/Documents/Blog/培养者/_image/2017-03-02-08-16-41.jpg uploaded
2017-07-06 14:16:37: /Users/xbli/Documents/Blog/培养者/_image/2017-03-02-08-17-18.jpg uploaded
2017-07-06 14:16:37: /Users/xbli/Documents/Blog/培养者/_image/2017-03-02-08-24-20.jpg uploaded
2017-07-06 14:16:39: /Users/xbli/Documents/Blog/培养者/_image/2017-03-02-08-25-50.jpg uploaded
2017-07-06 14:16:40: /Users/xbli/Documents/Blog/培养者/_image/2017-03-02-08-27-56.jpg uploaded
2017-07-06 14:16:41: /Users/xbli/Documents/Blog/培养者/_image/2017-03-03-11-13-17.jpg uploaded
2017-07-06 14:16:41: /Users/xbli/Documents/Blog/培养者/_image/2017-03-03-11-15-22.jpg uploaded
2017-07-06 14:16:42: /Users/xbli/Documents/Blog/培养者/_image/2017-03-03-11-17-29.jpg uploaded
2017-07-06 14:16:43: /Users/xbli/Documents/Blog/培养者/_image/2017-03-03-11-24-05.jpg uploaded
2017-07-06 14:16:43: /Users/xbli/Documents/Blog/培养者/_image/2017-03-03-18-51-25.jpg uploaded
2017-07-06 14:16:44: /Users/xbli/Documents/Blog/培养者/_image/2017-03-06-08-53-33.jpg uploaded
2017-07-06 14:16:45: /Users/xbli/Documents/Blog/培养者/_image/2017-03-07-10-24-12.jpg uploaded
2017-07-06 14:16:46: /Users/xbli/Documents/Blog/培养者/_image/2017-03-09-14-37-51.jpg uploaded
2017-07-06 14:16:46: /Users/xbli/Documents/Blog/培养者/_image/2017-03-10-09-18-24.jpg uploaded
2017-07-06 14:16:47: /Users/xbli/Documents/Blog/培养者/_image/2017-03-10-09-19-25.jpg uploaded
2017-07-06 14:16:47: /Users/xbli/Documents/Blog/培养者/_image/2017-03-10-09-20-37.jpg uploaded
2017-07-06 14:16:48: /Users/xbli/Documents/Blog/培养者/_image/2017-03-10-09-21-23.jpg uploaded
2017-07-06 14:16:49: /Users/xbli/Documents/Blog/培养者/_image/2017-03-10-09-23-05.jpg uploaded
2017-07-06 14:16:49: /Users/xbli/Documents/Blog/培养者/_image/2017-03-10-09-24-19.jpg uploaded
2017-07-06 14:16:50: /Users/xbli/Documents/Blog/培养者/_image/2017-03-10-09-25-01.jpg uploaded
2017-07-06 14:16:51: /Users/xbli/Documents/Blog/培养者/_image/2017-03-11-19-56-33.jpg uploaded
2017-07-06 14:16:53: /Users/xbli/Documents/Blog/培养者/_image/2017-03-11-20-00-19.jpg uploaded
2017-07-06 14:16:54: /Users/xbli/Documents/Blog/培养者/_image/2017-03-11-20-00-41.jpg uploaded
2017-07-06 14:16:55: /Users/xbli/Documents/Blog/培养者/_image/2017-03-11-20-19-48.jpg uploaded
2017-07-06 14:16:56: /Users/xbli/Documents/Blog/培养者/_image/2017-03-12-09-03-17.jpg uploaded
2017-07-06 14:16:57: /Users/xbli/Documents/Blog/培养者/_image/2017-03-12-09-03-57.jpg uploaded
2017-07-06 14:16:57: /Users/xbli/Documents/Blog/培养者/_image/2017-03-14-22-54-14.jpg uploaded
2017-07-06 14:16:59: /Users/xbli/Documents/Blog/培养者/_image/2017-03-15-22-12-05.jpg uploaded
2017-07-06 14:17:00: /Users/xbli/Documents/Blog/培养者/_image/2017-03-16-08-25-22.jpg uploaded
2017-07-06 14:17:01: /Users/xbli/Documents/Blog/培养者/_image/2017-03-22-09-29-51.jpg uploaded
2017-07-06 14:17:02: /Users/xbli/Documents/Blog/培养者/_image/2017-03-22-11-16-59.jpg uploaded
2017-07-06 14:17:02: /Users/xbli/Documents/Blog/培养者/_image/2017-03-22-12-09-54.jpg uploaded
2017-07-06 14:17:03: /Users/xbli/Documents/Blog/培养者/_image/2017-03-31-08-00-59.jpg uploaded
2017-07-06 14:17:04: /Users/xbli/Documents/Blog/培养者/_image/2017-03-31-08-04-22.jpg uploaded
2017-07-06 14:17:05: /Users/xbli/Documents/Blog/培养者/_image/2017-03-31-08-21-25.jpg uploaded
2017-07-06 14:17:05: /Users/xbli/Documents/Blog/培养者/_image/2017-04-05-09-19-25.jpg uploaded
2017-07-06 14:17:06: /Users/xbli/Documents/Blog/培养者/_image/2017-04-06-10-43-12.jpg uploaded
2017-07-06 14:17:06: /Users/xbli/Documents/Blog/培养者/_image/2017-04-11-18-52-17.jpg uploaded
2017-07-06 14:17:07: /Users/xbli/Documents/Blog/培养者/_image/2017-04-14-07-51-02.png uploaded
2017-07-06 14:17:08: /Users/xbli/Documents/Blog/培养者/_image/2017-04-14-07-51-10.png uploaded
2017-07-06 14:17:08: /Users/xbli/Documents/Blog/培养者/_image/2017-04-16-08-08-49.jpg uploaded
2017-07-06 14:17:09: /Users/xbli/Documents/Blog/培养者/_image/2017-04-16-08-11-58.jpg uploaded
2017-07-06 14:17:10: /Users/xbli/Documents/Blog/培养者/_image/2017-04-20-08-08-28.jpg uploaded
2017-07-06 14:17:10: /Users/xbli/Documents/Blog/培养者/_image/2017-04-25-12-11-22.jpg uploaded
2017-07-06 14:17:11: /Users/xbli/Documents/Blog/培养者/_image/2017-04-25-12-39-42.jpg uploaded
2017-07-06 14:17:11: /Users/xbli/Documents/Blog/培养者/_image/2017-04-25-12-54-33.jpg uploaded
2017-07-06 14:17:12: /Users/xbli/Documents/Blog/培养者/_image/2017-04-25-12-55-05.jpg uploaded
2017-07-06 14:17:13: /Users/xbli/Documents/Blog/培养者/_image/2017-05-18-17-47-24.jpg uploaded
2017-07-06 14:17:13: /Users/xbli/Documents/Blog/培养者/_image/2017-06-26-13-38-26.jpg uploaded
2017-07-06 14:17:14: /Users/xbli/Documents/Blog/培养者/_image/2017-06-26-13-38-45.jpg uploaded
2017-07-06 14:17:15: /Users/xbli/Documents/Blog/培养者/_image/2017-06-26-13-39-27.jpg uploaded
2017-07-06 14:17:15: /Users/xbli/Documents/Blog/培养者/_image/2017-06-26-13-39-51.jpg uploaded
2017-07-06 14:17:16: /Users/xbli/Documents/Blog/培养者/_image/2017-06-26-13-41-39.jpg uploaded
2017-07-06 14:17:17: /Users/xbli/Documents/Blog/培养者/_image/2017-06-26-14-42-59.jpg uploaded
2017-07-06 14:17:17: /Users/xbli/Documents/Blog/培养者/_image/2017-06-26-15-18-16.jpg uploaded
2017-07-06 14:17:18: /Users/xbli/Documents/Blog/培养者/_image/2017-06-26-15-23-44.jpg uploaded
2017-07-06 14:17:18: /Users/xbli/Documents/Blog/培养者/_image/2017-06-26-15-33-40.jpg uploaded
2017-07-06 14:17:19: /Users/xbli/Documents/Blog/培养者/_image/2017-06-26-15-34-08.jpg uploaded
2017-07-06 14:17:20: /Users/xbli/Documents/Blog/培养者/_image/2017-06-26-15-40-36.jpg uploaded
2017-07-06 14:17:20: /Users/xbli/Documents/Blog/培养者/_image/avatar.jpg uploaded
2017-07-06 14:17:21: /Users/xbli/Documents/Blog/培养者/_image/Scannable Document on 12 Mar 2017, 9_01_13 AM.png uploaded
2017-07-06 14:17:22: /Users/xbli/Documents/Blog/培养者/_image/Scannable Document on 18 Feb 2017- 10_08_25 PM.png uploaded
2017-07-06 14:17:22: /Users/xbli/Documents/Blog/培养者/_image/Scannable Document on 20 Apr 2017, 7_59_26 AM.png uploaded
2017-07-06 14:17:23: /Users/xbli/Documents/Blog/培养者/_image/Scannable Document on 22 Feb 2017- 9_47_48 AM.png uploaded
2017-07-06 14:17:23: /Users/xbli/Documents/Blog/培养者/_image/Scannable Document on 9 Mar 2017- 9_06_50 AM.png uploaded
2017-07-06 14:17:24: /Users/xbli/Documents/Blog/培养者/_image/UNADJUSTEDNONRAW_thumb_182d.jpg uploaded
2017-07-06 14:17:25: /Users/xbli/Documents/Blog/培养者/_image/UNADJUSTEDNONRAW_thumb_1c25.jpg uploaded
2017-07-06 14:17:25: /Users/xbli/Documents/Blog/培养者/_image/UNADJUSTEDNONRAW_thumb_1c97.jpg uploaded
2017-07-06 14:17:25:  sync ended
2017-07-06 14:40:31:  start to sync now
2017-07-06 14:40:34: /Users/xbli/Documents/Blog/培养者/时间管理 - 如何成为快乐的程序员.md existed, delete it first
2017-07-06 14:40:34: /Users/xbli/Documents/Blog/培养者/时间管理 - 如何成为快乐的程序员.md uploaded
2017-07-06 14:40:35:  sync ended
2017-07-06 14:45:35:  start to sync now
2017-07-06 14:45:37:  sync ended
2017-07-06 14:52:27:  start to sync now
2017-07-06 14:52:32: /Users/xbli/Documents/Blog/培养者/时间管理 - 如何成为快乐的程序员.html uploaded
2017-07-06 14:52:32: /Users/xbli/Documents/Blog/培养者/_book upload but no file exist or not a file
2017-07-06 14:52:32:  sync ended
2017-07-06 15:35:15:  start to sync now
2017-07-06 15:35:17:  sync ended
2017-07-06 15:35:53:  start to sync now
2017-07-06 15:35:54:  sync ended
2017-07-06 15:48:46:  start to sync now
2017-07-06 15:48:46:  sync ended
